#
# There is insufficient memory for the Java Runtime Environment to continue.
# Native memory allocation (malloc) failed to allocate 683072 bytes for Chunk::new
# Possible reasons:
#   The system is out of physical RAM or swap space
#   The process is running with CompressedOops enabled, and the Java Heap may be blocking the growth of the native heap
# Possible solutions:
#   Reduce memory load on the system
#   Increase physical memory or swap space
#   Check if swap backing store is full
#   Decrease Java heap size (-Xmx/-Xms)
#   Decrease number of Java threads
#   Decrease Java thread stack sizes (-Xss)
#   Set larger code cache with -XX:ReservedCodeCacheSize=
#   JVM is running with Unscaled Compressed Oops mode in which the Java heap is
#     placed in the first 4GB address space. The Java Heap base address is the
#     maximum limit for the native heap growth. Please use -XX:HeapBaseMinAddress
#     to set the Java Heap base and to place the Java Heap above 4GB virtual address.
# This output file may be truncated or incomplete.
#
#  Out of Memory Error (arena.cpp:189), pid=9464, tid=16604
#
# JRE version: Java(TM) SE Runtime Environment (17.0.5+9) (build 17.0.5+9-LTS-191)
# Java VM: Java HotSpot(TM) 64-Bit Server VM (17.0.5+9-LTS-191, mixed mode, sharing, tiered, compressed oops, compressed class ptrs, g1 gc, windows-amd64)
# No core dump will be written. Minidumps are not enabled by default on client versions of Windows
#

---------------  S U M M A R Y ------------

Command Line: -Dmaven.multiModuleProjectDirectory=D:\ecommerce-project\notification -Dmaven.home=C:\Program Files\JetBrains\IntelliJ IDEA Community Edition 2022.2.3\plugins\maven\lib\maven3 -Dclassworlds.conf=C:\Program Files\JetBrains\IntelliJ IDEA Community Edition 2022.2.3\plugins\maven\lib\maven3\bin\m2.conf -Dmaven.ext.class.path=C:\Program Files\JetBrains\IntelliJ IDEA Community Edition 2022.2.3\plugins\maven\lib\maven-event-listener.jar -javaagent:C:\Program Files\JetBrains\IntelliJ IDEA Community Edition 2022.2.3\lib\idea_rt.jar=51533:C:\Program Files\JetBrains\IntelliJ IDEA Community Edition 2022.2.3\bin -Dfile.encoding=UTF-8 org.codehaus.classworlds.Launcher -Didea.version=2022.2.3 install

Host: Intel(R) Core(TM) i5-10310U CPU @ 1.70GHz, 8 cores, 7G,  Windows 10 , 64 bit Build 19041 (10.0.19041.5915)
Time: Wed Mar  4 00:44:11 2026 Malay Peninsula Standard Time elapsed time: 2.124120 seconds (0d 0h 0m 2s)

---------------  T H R E A D  ---------------

Current thread (0x0000024f7bfb5f60):  JavaThread "C2 CompilerThread0" daemon [_thread_in_native, id=16604, stack(0x000000b9d4500000,0x000000b9d4600000)]


Current CompileTask:
C2:   2124 2759       4       org.apache.maven.model.Dependency::getManagementKey (94 bytes)

Stack: [0x000000b9d4500000,0x000000b9d4600000]
Native frames: (J=compiled Java code, j=interpreted, Vv=VM code, C=native code)
V  [jvm.dll+0x672eea]
V  [jvm.dll+0x7d2a04]
V  [jvm.dll+0x7d41ae]
V  [jvm.dll+0x7d4813]
V  [jvm.dll+0x242c15]
V  [jvm.dll+0xaa57b]
V  [jvm.dll+0xaab0c]
V  [jvm.dll+0x35ff97]
V  [jvm.dll+0x32a631]
V  [jvm.dll+0x329ada]
V  [jvm.dll+0x215cc1]
V  [jvm.dll+0x2150e1]
V  [jvm.dll+0x1a18ed]
V  [jvm.dll+0x22493a]
V  [jvm.dll+0x222aa5]
V  [jvm.dll+0x7885db]
V  [jvm.dll+0x782b4a]
V  [jvm.dll+0x671d75]
C  [ucrtbase.dll+0x21bb2]
C  [KERNEL32.DLL+0x17374]
C  [ntdll.dll+0x4cc91]


---------------  P R O C E S S  ---------------

Threads class SMR info:
_java_thread_list=0x0000024f7cdf3140, length=14, elements={
0x0000024f5dffa080, 0x0000024f7bf9eb40, 0x0000024f7bf9f8c0, 0x0000024f7bfaf250,
0x0000024f7bfb0d20, 0x0000024f7bfb35f0, 0x0000024f7bfb3eb0, 0x0000024f7bfb5f60,
0x0000024f7bfb6910, 0x0000024f7bfc9f80, 0x0000024f7bf88890, 0x0000024f7cc572b0,
0x0000024f7cd47ca0, 0x0000024f7cd48170
}

Java Threads: ( => current thread )
  0x0000024f5dffa080 JavaThread "main" [_thread_in_native, id=17188, stack(0x000000b9d3800000,0x000000b9d3900000)]
  0x0000024f7bf9eb40 JavaThread "Reference Handler" daemon [_thread_blocked, id=5304, stack(0x000000b9d3f00000,0x000000b9d4000000)]
  0x0000024f7bf9f8c0 JavaThread "Finalizer" daemon [_thread_blocked, id=20652, stack(0x000000b9d4000000,0x000000b9d4100000)]
  0x0000024f7bfaf250 JavaThread "Signal Dispatcher" daemon [_thread_blocked, id=2804, stack(0x000000b9d4100000,0x000000b9d4200000)]
  0x0000024f7bfb0d20 JavaThread "Attach Listener" daemon [_thread_blocked, id=21300, stack(0x000000b9d4200000,0x000000b9d4300000)]
  0x0000024f7bfb35f0 JavaThread "Service Thread" daemon [_thread_blocked, id=13152, stack(0x000000b9d4300000,0x000000b9d4400000)]
  0x0000024f7bfb3eb0 JavaThread "Monitor Deflation Thread" daemon [_thread_blocked, id=23252, stack(0x000000b9d4400000,0x000000b9d4500000)]
=>0x0000024f7bfb5f60 JavaThread "C2 CompilerThread0" daemon [_thread_in_native, id=16604, stack(0x000000b9d4500000,0x000000b9d4600000)]
  0x0000024f7bfb6910 JavaThread "C1 CompilerThread0" daemon [_thread_blocked, id=6300, stack(0x000000b9d4600000,0x000000b9d4700000)]
  0x0000024f7bfc9f80 JavaThread "Sweeper thread" daemon [_thread_blocked, id=19256, stack(0x000000b9d4700000,0x000000b9d4800000)]
  0x0000024f7bf88890 JavaThread "Common-Cleaner" daemon [_thread_blocked, id=6504, stack(0x000000b9d4800000,0x000000b9d4900000)]
  0x0000024f7cc572b0 JavaThread "C2 CompilerThread1" daemon [_thread_in_vm, id=5448, stack(0x000000b9d4900000,0x000000b9d4a00000)]
  0x0000024f7cd47ca0 JavaThread "Monitor Ctrl-Break" daemon [_thread_in_native, id=16960, stack(0x000000b9d4a00000,0x000000b9d4b00000)]
  0x0000024f7cd48170 JavaThread "Notification Thread" daemon [_thread_blocked, id=22240, stack(0x000000b9d4b00000,0x000000b9d4c00000)]

Other Threads:
  0x0000024f7bf98760 VMThread "VM Thread" [stack: 0x000000b9d3e00000,0x000000b9d3f00000] [id=4788]
  0x0000024f7cda5f40 WatcherThread [stack: 0x000000b9d4c00000,0x000000b9d4d00000] [id=23236]
  0x0000024f5e052ac0 GCTaskThread "GC Thread#0" [stack: 0x000000b9d3900000,0x000000b9d3a00000] [id=20632]
  0x0000024f7d691240 GCTaskThread "GC Thread#1" [stack: 0x000000b9d4d00000,0x000000b9d4e00000] [id=13256]
  0x0000024f7d589780 GCTaskThread "GC Thread#2" [stack: 0x000000b9d4e00000,0x000000b9d4f00000] [id=17352]
  0x0000024f7db47d50 GCTaskThread "GC Thread#3" [stack: 0x000000b9d4f00000,0x000000b9d5000000] [id=2952]
  0x0000024f7db80170 GCTaskThread "GC Thread#4" [stack: 0x000000b9d5000000,0x000000b9d5100000] [id=5760]
  0x0000024f7db80420 GCTaskThread "GC Thread#5" [stack: 0x000000b9d5100000,0x000000b9d5200000] [id=9848]
  0x0000024f7db80ae0 GCTaskThread "GC Thread#6" [stack: 0x000000b9d5200000,0x000000b9d5300000] [id=14788]
  0x0000024f7d5b3970 GCTaskThread "GC Thread#7" [stack: 0x000000b9d5300000,0x000000b9d5400000] [id=20616]
  0x0000024f5e063210 ConcurrentGCThread "G1 Main Marker" [stack: 0x000000b9d3a00000,0x000000b9d3b00000] [id=16696]
  0x0000024f5e064b40 ConcurrentGCThread "G1 Conc#0" [stack: 0x000000b9d3b00000,0x000000b9d3c00000] [id=9548]
  0x0000024f5e0cd240 ConcurrentGCThread "G1 Refine#0" [stack: 0x000000b9d3c00000,0x000000b9d3d00000] [id=17744]
  0x0000024f5e0cdb70 ConcurrentGCThread "G1 Service" [stack: 0x000000b9d3d00000,0x000000b9d3e00000] [id=19260]

Threads with active compile tasks:
C2 CompilerThread0     2180 2759       4       org.apache.maven.model.Dependency::getManagementKey (94 bytes)
C2 CompilerThread1     2180 2813       4       org.apache.maven.model.validation.DefaultModelValidator::validateEffectiveDependency (616 bytes)

VM state: not at safepoint (normal execution)

VM Mutex/Monitor currently owned by a thread: None

Heap address: 0x0000000083800000, size: 1992 MB, Compressed Oops mode: 32-bit

CDS archive(s) mapped at: [0x0000000800000000-0x0000000800bd0000-0x0000000800bd0000), size 12386304, SharedBaseAddress: 0x0000000800000000, ArchiveRelocationMode: 0.
Compressed class space mapped at: 0x0000000800c00000-0x0000000840c00000, reserved size: 1073741824
Narrow klass base: 0x0000000800000000, Narrow klass shift: 0, Narrow klass range: 0x100000000

GC Precious Log:
 CPUs: 8 total, 8 available
 Memory: 7965M
 Large Page Support: Disabled
 NUMA Support: Disabled
 Compressed Oops: Enabled (32-bit)
 Heap Region Size: 1M
 Heap Min Capacity: 8M
 Heap Initial Capacity: 126M
 Heap Max Capacity: 1992M
 Pre-touch: Disabled
 Parallel Workers: 8
 Concurrent Workers: 2
 Concurrent Refinement Workers: 8
 Periodic GC: Disabled

Heap:
 garbage-first heap   total 129024K, used 43082K [0x0000000083800000, 0x0000000100000000)
  region size 1024K, 40 young (40960K), 3 survivors (3072K)
 Metaspace       used 12953K, committed 13184K, reserved 1064960K
  class space    used 1495K, committed 1600K, reserved 1048576K

Heap Regions: E=young(eden), S=young(survivor), O=old, HS=humongous(starts), HC=humongous(continues), CS=collection set, F=free, OA=open archive, CA=closed archive, TAMS=top-at-mark-start (previous, next)
|   0|0x0000000083800000, 0x0000000083900000, 0x0000000083900000|100%| O|  |TAMS 0x0000000083800000, 0x0000000083800000| Untracked 
|   1|0x0000000083900000, 0x0000000083a00000, 0x0000000083a00000|100%| O|  |TAMS 0x0000000083900000, 0x0000000083900000| Untracked 
|   2|0x0000000083a00000, 0x0000000083b00000, 0x0000000083b00000|100%| O|  |TAMS 0x0000000083a00000, 0x0000000083a00000| Untracked 
|   3|0x0000000083b00000, 0x0000000083bd6000, 0x0000000083c00000| 83%| O|  |TAMS 0x0000000083b00000, 0x0000000083b00000| Untracked 
|   4|0x0000000083c00000, 0x0000000083c00000, 0x0000000083d00000|  0%| F|  |TAMS 0x0000000083c00000, 0x0000000083c00000| Untracked 
|   5|0x0000000083d00000, 0x0000000083d00000, 0x0000000083e00000|  0%| F|  |TAMS 0x0000000083d00000, 0x0000000083d00000| Untracked 
|   6|0x0000000083e00000, 0x0000000083e00000, 0x0000000083f00000|  0%| F|  |TAMS 0x0000000083e00000, 0x0000000083e00000| Untracked 
|   7|0x0000000083f00000, 0x0000000083f00000, 0x0000000084000000|  0%| F|  |TAMS 0x0000000083f00000, 0x0000000083f00000| Untracked 
|   8|0x0000000084000000, 0x0000000084000000, 0x0000000084100000|  0%| F|  |TAMS 0x0000000084000000, 0x0000000084000000| Untracked 
|   9|0x0000000084100000, 0x0000000084100000, 0x0000000084200000|  0%| F|  |TAMS 0x0000000084100000, 0x0000000084100000| Untracked 
|  10|0x0000000084200000, 0x0000000084200000, 0x0000000084300000|  0%| F|  |TAMS 0x0000000084200000, 0x0000000084200000| Untracked 
|  11|0x0000000084300000, 0x0000000084300000, 0x0000000084400000|  0%| F|  |TAMS 0x0000000084300000, 0x0000000084300000| Untracked 
|  12|0x0000000084400000, 0x0000000084400000, 0x0000000084500000|  0%| F|  |TAMS 0x0000000084400000, 0x0000000084400000| Untracked 
|  13|0x0000000084500000, 0x0000000084500000, 0x0000000084600000|  0%| F|  |TAMS 0x0000000084500000, 0x0000000084500000| Untracked 
|  14|0x0000000084600000, 0x0000000084600000, 0x0000000084700000|  0%| F|  |TAMS 0x0000000084600000, 0x0000000084600000| Untracked 
|  15|0x0000000084700000, 0x0000000084700000, 0x0000000084800000|  0%| F|  |TAMS 0x0000000084700000, 0x0000000084700000| Untracked 
|  16|0x0000000084800000, 0x0000000084800000, 0x0000000084900000|  0%| F|  |TAMS 0x0000000084800000, 0x0000000084800000| Untracked 
|  17|0x0000000084900000, 0x0000000084900000, 0x0000000084a00000|  0%| F|  |TAMS 0x0000000084900000, 0x0000000084900000| Untracked 
|  18|0x0000000084a00000, 0x0000000084a00000, 0x0000000084b00000|  0%| F|  |TAMS 0x0000000084a00000, 0x0000000084a00000| Untracked 
|  19|0x0000000084b00000, 0x0000000084b00000, 0x0000000084c00000|  0%| F|  |TAMS 0x0000000084b00000, 0x0000000084b00000| Untracked 
|  20|0x0000000084c00000, 0x0000000084c00000, 0x0000000084d00000|  0%| F|  |TAMS 0x0000000084c00000, 0x0000000084c00000| Untracked 
|  21|0x0000000084d00000, 0x0000000084d00000, 0x0000000084e00000|  0%| F|  |TAMS 0x0000000084d00000, 0x0000000084d00000| Untracked 
|  22|0x0000000084e00000, 0x0000000084e00000, 0x0000000084f00000|  0%| F|  |TAMS 0x0000000084e00000, 0x0000000084e00000| Untracked 
|  23|0x0000000084f00000, 0x0000000084f00000, 0x0000000085000000|  0%| F|  |TAMS 0x0000000084f00000, 0x0000000084f00000| Untracked 
|  24|0x0000000085000000, 0x0000000085000000, 0x0000000085100000|  0%| F|  |TAMS 0x0000000085000000, 0x0000000085000000| Untracked 
|  25|0x0000000085100000, 0x0000000085100000, 0x0000000085200000|  0%| F|  |TAMS 0x0000000085100000, 0x0000000085100000| Untracked 
|  26|0x0000000085200000, 0x0000000085200000, 0x0000000085300000|  0%| F|  |TAMS 0x0000000085200000, 0x0000000085200000| Untracked 
|  27|0x0000000085300000, 0x0000000085300000, 0x0000000085400000|  0%| F|  |TAMS 0x0000000085300000, 0x0000000085300000| Untracked 
|  28|0x0000000085400000, 0x0000000085400000, 0x0000000085500000|  0%| F|  |TAMS 0x0000000085400000, 0x0000000085400000| Untracked 
|  29|0x0000000085500000, 0x0000000085500000, 0x0000000085600000|  0%| F|  |TAMS 0x0000000085500000, 0x0000000085500000| Untracked 
|  30|0x0000000085600000, 0x0000000085600000, 0x0000000085700000|  0%| F|  |TAMS 0x0000000085600000, 0x0000000085600000| Untracked 
|  31|0x0000000085700000, 0x0000000085700000, 0x0000000085800000|  0%| F|  |TAMS 0x0000000085700000, 0x0000000085700000| Untracked 
|  32|0x0000000085800000, 0x0000000085800000, 0x0000000085900000|  0%| F|  |TAMS 0x0000000085800000, 0x0000000085800000| Untracked 
|  33|0x0000000085900000, 0x0000000085900000, 0x0000000085a00000|  0%| F|  |TAMS 0x0000000085900000, 0x0000000085900000| Untracked 
|  34|0x0000000085a00000, 0x0000000085a00000, 0x0000000085b00000|  0%| F|  |TAMS 0x0000000085a00000, 0x0000000085a00000| Untracked 
|  35|0x0000000085b00000, 0x0000000085b00000, 0x0000000085c00000|  0%| F|  |TAMS 0x0000000085b00000, 0x0000000085b00000| Untracked 
|  36|0x0000000085c00000, 0x0000000085c00000, 0x0000000085d00000|  0%| F|  |TAMS 0x0000000085c00000, 0x0000000085c00000| Untracked 
|  37|0x0000000085d00000, 0x0000000085d00000, 0x0000000085e00000|  0%| F|  |TAMS 0x0000000085d00000, 0x0000000085d00000| Untracked 
|  38|0x0000000085e00000, 0x0000000085e00000, 0x0000000085f00000|  0%| F|  |TAMS 0x0000000085e00000, 0x0000000085e00000| Untracked 
|  39|0x0000000085f00000, 0x0000000085f00000, 0x0000000086000000|  0%| F|  |TAMS 0x0000000085f00000, 0x0000000085f00000| Untracked 
|  40|0x0000000086000000, 0x0000000086000000, 0x0000000086100000|  0%| F|  |TAMS 0x0000000086000000, 0x0000000086000000| Untracked 
|  41|0x0000000086100000, 0x0000000086100000, 0x0000000086200000|  0%| F|  |TAMS 0x0000000086100000, 0x0000000086100000| Untracked 
|  42|0x0000000086200000, 0x0000000086200000, 0x0000000086300000|  0%| F|  |TAMS 0x0000000086200000, 0x0000000086200000| Untracked 
|  43|0x0000000086300000, 0x0000000086300000, 0x0000000086400000|  0%| F|  |TAMS 0x0000000086300000, 0x0000000086300000| Untracked 
|  44|0x0000000086400000, 0x0000000086400000, 0x0000000086500000|  0%| F|  |TAMS 0x0000000086400000, 0x0000000086400000| Untracked 
|  45|0x0000000086500000, 0x0000000086500000, 0x0000000086600000|  0%| F|  |TAMS 0x0000000086500000, 0x0000000086500000| Untracked 
|  46|0x0000000086600000, 0x0000000086600000, 0x0000000086700000|  0%| F|  |TAMS 0x0000000086600000, 0x0000000086600000| Untracked 
|  47|0x0000000086700000, 0x0000000086700000, 0x0000000086800000|  0%| F|  |TAMS 0x0000000086700000, 0x0000000086700000| Untracked 
|  48|0x0000000086800000, 0x0000000086800000, 0x0000000086900000|  0%| F|  |TAMS 0x0000000086800000, 0x0000000086800000| Untracked 
|  49|0x0000000086900000, 0x0000000086900000, 0x0000000086a00000|  0%| F|  |TAMS 0x0000000086900000, 0x0000000086900000| Untracked 
|  50|0x0000000086a00000, 0x0000000086a00000, 0x0000000086b00000|  0%| F|  |TAMS 0x0000000086a00000, 0x0000000086a00000| Untracked 
|  51|0x0000000086b00000, 0x0000000086b00000, 0x0000000086c00000|  0%| F|  |TAMS 0x0000000086b00000, 0x0000000086b00000| Untracked 
|  52|0x0000000086c00000, 0x0000000086c00000, 0x0000000086d00000|  0%| F|  |TAMS 0x0000000086c00000, 0x0000000086c00000| Untracked 
|  53|0x0000000086d00000, 0x0000000086d00000, 0x0000000086e00000|  0%| F|  |TAMS 0x0000000086d00000, 0x0000000086d00000| Untracked 
|  54|0x0000000086e00000, 0x0000000086e00000, 0x0000000086f00000|  0%| F|  |TAMS 0x0000000086e00000, 0x0000000086e00000| Untracked 
|  55|0x0000000086f00000, 0x0000000086f00000, 0x0000000087000000|  0%| F|  |TAMS 0x0000000086f00000, 0x0000000086f00000| Untracked 
|  56|0x0000000087000000, 0x0000000087000000, 0x0000000087100000|  0%| F|  |TAMS 0x0000000087000000, 0x0000000087000000| Untracked 
|  57|0x0000000087100000, 0x0000000087100000, 0x0000000087200000|  0%| F|  |TAMS 0x0000000087100000, 0x0000000087100000| Untracked 
|  58|0x0000000087200000, 0x0000000087200000, 0x0000000087300000|  0%| F|  |TAMS 0x0000000087200000, 0x0000000087200000| Untracked 
|  59|0x0000000087300000, 0x0000000087300000, 0x0000000087400000|  0%| F|  |TAMS 0x0000000087300000, 0x0000000087300000| Untracked 
|  60|0x0000000087400000, 0x0000000087400000, 0x0000000087500000|  0%| F|  |TAMS 0x0000000087400000, 0x0000000087400000| Untracked 
|  61|0x0000000087500000, 0x0000000087500000, 0x0000000087600000|  0%| F|  |TAMS 0x0000000087500000, 0x0000000087500000| Untracked 
|  62|0x0000000087600000, 0x0000000087600000, 0x0000000087700000|  0%| F|  |TAMS 0x0000000087600000, 0x0000000087600000| Untracked 
|  63|0x0000000087700000, 0x0000000087700000, 0x0000000087800000|  0%| F|  |TAMS 0x0000000087700000, 0x0000000087700000| Untracked 
|  64|0x0000000087800000, 0x0000000087800000, 0x0000000087900000|  0%| F|  |TAMS 0x0000000087800000, 0x0000000087800000| Untracked 
|  65|0x0000000087900000, 0x0000000087900000, 0x0000000087a00000|  0%| F|  |TAMS 0x0000000087900000, 0x0000000087900000| Untracked 
|  66|0x0000000087a00000, 0x0000000087a00000, 0x0000000087b00000|  0%| F|  |TAMS 0x0000000087a00000, 0x0000000087a00000| Untracked 
|  67|0x0000000087b00000, 0x0000000087b00000, 0x0000000087c00000|  0%| F|  |TAMS 0x0000000087b00000, 0x0000000087b00000| Untracked 
|  68|0x0000000087c00000, 0x0000000087c00000, 0x0000000087d00000|  0%| F|  |TAMS 0x0000000087c00000, 0x0000000087c00000| Untracked 
|  69|0x0000000087d00000, 0x0000000087d00000, 0x0000000087e00000|  0%| F|  |TAMS 0x0000000087d00000, 0x0000000087d00000| Untracked 
|  70|0x0000000087e00000, 0x0000000087e00000, 0x0000000087f00000|  0%| F|  |TAMS 0x0000000087e00000, 0x0000000087e00000| Untracked 
|  71|0x0000000087f00000, 0x0000000087f00000, 0x0000000088000000|  0%| F|  |TAMS 0x0000000087f00000, 0x0000000087f00000| Untracked 
|  72|0x0000000088000000, 0x0000000088000000, 0x0000000088100000|  0%| F|  |TAMS 0x0000000088000000, 0x0000000088000000| Untracked 
|  73|0x0000000088100000, 0x0000000088100000, 0x0000000088200000|  0%| F|  |TAMS 0x0000000088100000, 0x0000000088100000| Untracked 
|  74|0x0000000088200000, 0x0000000088200000, 0x0000000088300000|  0%| F|  |TAMS 0x0000000088200000, 0x0000000088200000| Untracked 
|  75|0x0000000088300000, 0x0000000088300000, 0x0000000088400000|  0%| F|  |TAMS 0x0000000088300000, 0x0000000088300000| Untracked 
|  76|0x0000000088400000, 0x0000000088400000, 0x0000000088500000|  0%| F|  |TAMS 0x0000000088400000, 0x0000000088400000| Untracked 
|  77|0x0000000088500000, 0x0000000088500000, 0x0000000088600000|  0%| F|  |TAMS 0x0000000088500000, 0x0000000088500000| Untracked 
|  78|0x0000000088600000, 0x0000000088600000, 0x0000000088700000|  0%| F|  |TAMS 0x0000000088600000, 0x0000000088600000| Untracked 
|  79|0x0000000088700000, 0x0000000088700000, 0x0000000088800000|  0%| F|  |TAMS 0x0000000088700000, 0x0000000088700000| Untracked 
|  80|0x0000000088800000, 0x0000000088800000, 0x0000000088900000|  0%| F|  |TAMS 0x0000000088800000, 0x0000000088800000| Untracked 
|  81|0x0000000088900000, 0x0000000088900000, 0x0000000088a00000|  0%| F|  |TAMS 0x0000000088900000, 0x0000000088900000| Untracked 
|  82|0x0000000088a00000, 0x0000000088a00000, 0x0000000088b00000|  0%| F|  |TAMS 0x0000000088a00000, 0x0000000088a00000| Untracked 
|  83|0x0000000088b00000, 0x0000000088b00000, 0x0000000088c00000|  0%| F|  |TAMS 0x0000000088b00000, 0x0000000088b00000| Untracked 
|  84|0x0000000088c00000, 0x0000000088c00000, 0x0000000088d00000|  0%| F|  |TAMS 0x0000000088c00000, 0x0000000088c00000| Untracked 
|  85|0x0000000088d00000, 0x0000000088d00000, 0x0000000088e00000|  0%| F|  |TAMS 0x0000000088d00000, 0x0000000088d00000| Untracked 
|  86|0x0000000088e00000, 0x0000000088e80800, 0x0000000088f00000| 50%| E|  |TAMS 0x0000000088e00000, 0x0000000088e00000| Complete 
|  87|0x0000000088f00000, 0x0000000089000000, 0x0000000089000000|100%| E|CS|TAMS 0x0000000088f00000, 0x0000000088f00000| Complete 
|  88|0x0000000089000000, 0x0000000089100000, 0x0000000089100000|100%| E|CS|TAMS 0x0000000089000000, 0x0000000089000000| Complete 
|  89|0x0000000089100000, 0x0000000089200000, 0x0000000089200000|100%| E|CS|TAMS 0x0000000089100000, 0x0000000089100000| Complete 
|  90|0x0000000089200000, 0x000000008923c8a0, 0x0000000089300000| 23%| S|CS|TAMS 0x0000000089200000, 0x0000000089200000| Complete 
|  91|0x0000000089300000, 0x0000000089400000, 0x0000000089400000|100%| S|CS|TAMS 0x0000000089300000, 0x0000000089300000| Complete 
|  92|0x0000000089400000, 0x0000000089500000, 0x0000000089500000|100%| S|CS|TAMS 0x0000000089400000, 0x0000000089400000| Complete 
|  93|0x0000000089500000, 0x0000000089600000, 0x0000000089600000|100%| E|CS|TAMS 0x0000000089500000, 0x0000000089500000| Complete 
|  94|0x0000000089600000, 0x0000000089700000, 0x0000000089700000|100%| E|CS|TAMS 0x0000000089600000, 0x0000000089600000| Complete 
|  95|0x0000000089700000, 0x0000000089800000, 0x0000000089800000|100%| E|CS|TAMS 0x0000000089700000, 0x0000000089700000| Complete 
|  96|0x0000000089800000, 0x0000000089900000, 0x0000000089900000|100%| E|CS|TAMS 0x0000000089800000, 0x0000000089800000| Complete 
|  97|0x0000000089900000, 0x0000000089a00000, 0x0000000089a00000|100%| E|CS|TAMS 0x0000000089900000, 0x0000000089900000| Complete 
|  98|0x0000000089a00000, 0x0000000089b00000, 0x0000000089b00000|100%| E|CS|TAMS 0x0000000089a00000, 0x0000000089a00000| Complete 
|  99|0x0000000089b00000, 0x0000000089c00000, 0x0000000089c00000|100%| E|CS|TAMS 0x0000000089b00000, 0x0000000089b00000| Complete 
| 100|0x0000000089c00000, 0x0000000089d00000, 0x0000000089d00000|100%| E|CS|TAMS 0x0000000089c00000, 0x0000000089c00000| Complete 
| 101|0x0000000089d00000, 0x0000000089e00000, 0x0000000089e00000|100%| E|CS|TAMS 0x0000000089d00000, 0x0000000089d00000| Complete 
| 102|0x0000000089e00000, 0x0000000089f00000, 0x0000000089f00000|100%| E|CS|TAMS 0x0000000089e00000, 0x0000000089e00000| Complete 
| 103|0x0000000089f00000, 0x000000008a000000, 0x000000008a000000|100%| E|CS|TAMS 0x0000000089f00000, 0x0000000089f00000| Complete 
| 104|0x000000008a000000, 0x000000008a100000, 0x000000008a100000|100%| E|CS|TAMS 0x000000008a000000, 0x000000008a000000| Complete 
| 105|0x000000008a100000, 0x000000008a200000, 0x000000008a200000|100%| E|CS|TAMS 0x000000008a100000, 0x000000008a100000| Complete 
| 106|0x000000008a200000, 0x000000008a300000, 0x000000008a300000|100%| E|CS|TAMS 0x000000008a200000, 0x000000008a200000| Complete 
| 107|0x000000008a300000, 0x000000008a400000, 0x000000008a400000|100%| E|CS|TAMS 0x000000008a300000, 0x000000008a300000| Complete 
| 108|0x000000008a400000, 0x000000008a500000, 0x000000008a500000|100%| E|CS|TAMS 0x000000008a400000, 0x000000008a400000| Complete 
| 109|0x000000008a500000, 0x000000008a600000, 0x000000008a600000|100%| E|CS|TAMS 0x000000008a500000, 0x000000008a500000| Complete 
| 110|0x000000008a600000, 0x000000008a700000, 0x000000008a700000|100%| E|CS|TAMS 0x000000008a600000, 0x000000008a600000| Complete 
| 111|0x000000008a700000, 0x000000008a800000, 0x000000008a800000|100%| E|CS|TAMS 0x000000008a700000, 0x000000008a700000| Complete 
| 112|0x000000008a800000, 0x000000008a900000, 0x000000008a900000|100%| E|CS|TAMS 0x000000008a800000, 0x000000008a800000| Complete 
| 113|0x000000008a900000, 0x000000008aa00000, 0x000000008aa00000|100%| E|CS|TAMS 0x000000008a900000, 0x000000008a900000| Complete 
| 114|0x000000008aa00000, 0x000000008ab00000, 0x000000008ab00000|100%| E|CS|TAMS 0x000000008aa00000, 0x000000008aa00000| Complete 
| 115|0x000000008ab00000, 0x000000008ac00000, 0x000000008ac00000|100%| E|CS|TAMS 0x000000008ab00000, 0x000000008ab00000| Complete 
| 116|0x000000008ac00000, 0x000000008ad00000, 0x000000008ad00000|100%| E|CS|TAMS 0x000000008ac00000, 0x000000008ac00000| Complete 
| 117|0x000000008ad00000, 0x000000008ae00000, 0x000000008ae00000|100%| E|CS|TAMS 0x000000008ad00000, 0x000000008ad00000| Complete 
| 118|0x000000008ae00000, 0x000000008af00000, 0x000000008af00000|100%| E|CS|TAMS 0x000000008ae00000, 0x000000008ae00000| Complete 
| 119|0x000000008af00000, 0x000000008b000000, 0x000000008b000000|100%| E|CS|TAMS 0x000000008af00000, 0x000000008af00000| Complete 
| 120|0x000000008b000000, 0x000000008b100000, 0x000000008b100000|100%| E|CS|TAMS 0x000000008b000000, 0x000000008b000000| Complete 
| 121|0x000000008b100000, 0x000000008b200000, 0x000000008b200000|100%| E|CS|TAMS 0x000000008b100000, 0x000000008b100000| Complete 
| 122|0x000000008b200000, 0x000000008b300000, 0x000000008b300000|100%| E|CS|TAMS 0x000000008b200000, 0x000000008b200000| Complete 
| 123|0x000000008b300000, 0x000000008b400000, 0x000000008b400000|100%| E|CS|TAMS 0x000000008b300000, 0x000000008b300000| Complete 
| 124|0x000000008b400000, 0x000000008b500000, 0x000000008b500000|100%| E|CS|TAMS 0x000000008b400000, 0x000000008b400000| Complete 
| 125|0x000000008b500000, 0x000000008b600000, 0x000000008b600000|100%| E|CS|TAMS 0x000000008b500000, 0x000000008b500000| Complete 

Card table byte_map: [0x0000024f74f90000,0x0000024f75380000] _byte_map_base: 0x0000024f74b74000

Marking Bits (Prev, Next): (CMBitMap*) 0x0000024f5e052fe0, (CMBitMap*) 0x0000024f5e053020
 Prev Bits: [0x0000024f75770000, 0x0000024f77690000)
 Next Bits: [0x0000024f77690000, 0x0000024f795b0000)

Polling page: 0x0000024f5bfd0000

Metaspace:

Usage:
  Non-class:     11.23 MB used.
      Class:      1.46 MB used.
       Both:     12.69 MB used.

Virtual space:
  Non-class space:       16.00 MB reserved,      11.31 MB ( 71%) committed,  2 nodes.
      Class space:        1.00 GB reserved,       1.56 MB ( <1%) committed,  1 nodes.
             Both:        1.02 GB reserved,      12.88 MB (  1%) committed. 

Chunk freelists:
   Non-Class:  3.95 MB
       Class:  2.29 MB
        Both:  6.25 MB

MaxMetaspaceSize: unlimited
CompressedClassSpaceSize: 1.00 GB
Initial GC threshold: 21.00 MB
Current GC threshold: 21.00 MB
CDS: on
MetaspaceReclaimPolicy: balanced
 - commit_granule_bytes: 65536.
 - commit_granule_words: 8192.
 - virtual_space_node_default_size: 1048576.
 - enlarge_chunks_in_place: 1.
 - new_chunks_are_fully_committed: 0.
 - uncommit_free_chunks: 1.
 - use_allocation_guard: 0.
 - handle_deallocations: 1.


Internal statistics:

num_allocs_failed_limit: 0.
num_arena_births: 70.
num_arena_deaths: 0.
num_vsnodes_births: 3.
num_vsnodes_deaths: 0.
num_space_committed: 206.
num_space_uncommitted: 0.
num_chunks_returned_to_freelist: 0.
num_chunks_taken_from_freelist: 486.
num_chunk_merges: 0.
num_chunk_splits: 343.
num_chunks_enlarged: 275.
num_purges: 0.
num_inconsistent_stats: 0.

CodeHeap 'non-profiled nmethods': size=120000Kb used=1270Kb max_used=1270Kb free=118729Kb
 bounds [0x0000024f6d340000, 0x0000024f6d5b0000, 0x0000024f74870000]
CodeHeap 'profiled nmethods': size=120000Kb used=5408Kb max_used=5408Kb free=114591Kb
 bounds [0x0000024f65e10000, 0x0000024f66360000, 0x0000024f6d340000]
CodeHeap 'non-nmethods': size=5760Kb used=1178Kb max_used=1234Kb free=4582Kb
 bounds [0x0000024f65870000, 0x0000024f65ae0000, 0x0000024f65e10000]
 total_blobs=3293 nmethods=2824 adapters=381
 compilation: enabled
              stopped_count=0, restarted_count=0
 full_count=0

Compilation events (20 events):
Event: 2.112 Thread 0x0000024f7bfb6910 2776       1       org.apache.maven.model.building.DefaultModelBuildingResult::getEffectiveModel (5 bytes)
Event: 2.112 Thread 0x0000024f7bfb6910 nmethod 2776 0x0000024f6d478710 code [0x0000024f6d4788a0, 0x0000024f6d478978]
Event: 2.113 Thread 0x0000024f7bfb6910 2779       1       org.apache.maven.model.Resource::getTargetPath (5 bytes)
Event: 2.113 Thread 0x0000024f7bfb6910 nmethod 2779 0x0000024f6d478a10 code [0x0000024f6d478ba0, 0x0000024f6d478c78]
Event: 2.113 Thread 0x0000024f7bfb6910 2780       1       org.apache.maven.model.Resource::getFiltering (5 bytes)
Event: 2.114 Thread 0x0000024f7bfb6910 nmethod 2780 0x0000024f6d478d10 code [0x0000024f6d478ea0, 0x0000024f6d478f78]
Event: 2.114 Thread 0x0000024f7bfb6910 2781       1       org.apache.maven.model.building.DefaultModelBuildingRequest::isProcessPlugins (5 bytes)
Event: 2.114 Thread 0x0000024f7bfb6910 nmethod 2781 0x0000024f6d479010 code [0x0000024f6d4791a0, 0x0000024f6d479278]
Event: 2.114 Thread 0x0000024f7bfb6910 2782       1       org.apache.maven.model.building.ModelCacheTag$2::getName (3 bytes)
Event: 2.114 Thread 0x0000024f7bfb6910 nmethod 2782 0x0000024f6d479310 code [0x0000024f6d4794a0, 0x0000024f6d479578]
Event: 2.115 Thread 0x0000024f7bfb6910 2783       3       java.util.regex.Matcher::find (69 bytes)
Event: 2.115 Thread 0x0000024f7bfb6910 nmethod 2783 0x0000024f66330d90 code [0x0000024f66330f40, 0x0000024f66331248]
Event: 2.116 Thread 0x0000024f7bfb6910 2784 %     3       java.util.regex.Pattern$CharPropertyGreedy::match @ 12 (160 bytes)
Event: 2.117 Thread 0x0000024f7bfb6910 nmethod 2784% 0x0000024f66331390 code [0x0000024f663315e0, 0x0000024f663320e8]
Event: 2.117 Thread 0x0000024f7bfb6910 2785       3       org.codehaus.plexus.util.xml.pull.MXParser::fillBuf (894 bytes)
Event: 2.120 Thread 0x0000024f7bfb6910 nmethod 2785 0x0000024f66332490 code [0x0000024f66332ba0, 0x0000024f66335f88]
Event: 2.121 Thread 0x0000024f7bfb6910 2786       3       org.apache.maven.model.Build::getExtensions (23 bytes)
Event: 2.121 Thread 0x0000024f7bfb6910 nmethod 2786 0x0000024f66337290 code [0x0000024f66337460, 0x0000024f66337858]
Event: 2.121 Thread 0x0000024f7bfb6910 2787   !   3       org.apache.maven.model.Model::clone (502 bytes)
Event: 2.121 Thread 0x0000024f7cc572b0 2790       4       java.util.HashSet::contains (9 bytes)

GC Heap History (4 events):
Event: 0.720 GC heap before
{Heap before GC invocations=0 (full 0):
 garbage-first heap   total 129024K, used 22528K [0x0000000083800000, 0x0000000100000000)
  region size 1024K, 23 young (23552K), 0 survivors (0K)
 Metaspace       used 5685K, committed 5824K, reserved 1056768K
  class space    used 655K, committed 704K, reserved 1048576K
}
Event: 0.726 GC heap after
{Heap after GC invocations=1 (full 0):
 garbage-first heap   total 129024K, used 4224K [0x0000000083800000, 0x0000000100000000)
  region size 1024K, 3 young (3072K), 3 survivors (3072K)
 Metaspace       used 5685K, committed 5824K, reserved 1056768K
  class space    used 655K, committed 704K, reserved 1048576K
}
Event: 1.323 GC heap before
{Heap before GC invocations=1 (full 0):
 garbage-first heap   total 129024K, used 34944K [0x0000000083800000, 0x0000000100000000)
  region size 1024K, 33 young (33792K), 3 survivors (3072K)
 Metaspace       used 10427K, committed 10560K, reserved 1064960K
  class space    used 1260K, committed 1344K, reserved 1048576K
}
Event: 1.330 GC heap after
{Heap after GC invocations=2 (full 0):
 garbage-first heap   total 129024K, used 6218K [0x0000000083800000, 0x0000000100000000)
  region size 1024K, 3 young (3072K), 3 survivors (3072K)
 Metaspace       used 10427K, committed 10560K, reserved 1064960K
  class space    used 1260K, committed 1344K, reserved 1048576K
}

Deoptimization events (20 events):
Event: 1.871 Thread 0x0000024f5dffa080 Uncommon trap: trap_request=0xffffff45 fr.pc=0x0000024f6d437190 relative=0x0000000000000470
Event: 1.871 Thread 0x0000024f5dffa080 Uncommon trap: reason=unstable_if action=reinterpret pc=0x0000024f6d437190 method=java.lang.StringLatin1.trim([B)Ljava/lang/String; @ 60 c2
Event: 1.871 Thread 0x0000024f5dffa080 DEOPT PACKING pc=0x0000024f6d437190 sp=0x000000b9d38fd520
Event: 1.871 Thread 0x0000024f5dffa080 DEOPT UNPACKING pc=0x0000024f658c23a3 sp=0x000000b9d38fd4e8 mode 2
Event: 1.888 Thread 0x0000024f5dffa080 Uncommon trap: trap_request=0xffffff45 fr.pc=0x0000024f6d3baa3c relative=0x000000000000023c
Event: 1.888 Thread 0x0000024f5dffa080 Uncommon trap: reason=unstable_if action=reinterpret pc=0x0000024f6d3baa3c method=java.lang.String.decodeASCII([BI[CII)I @ 7 c2
Event: 1.888 Thread 0x0000024f5dffa080 DEOPT PACKING pc=0x0000024f6d3baa3c sp=0x000000b9d38fd100
Event: 1.888 Thread 0x0000024f5dffa080 DEOPT UNPACKING pc=0x0000024f658c23a3 sp=0x000000b9d38fd0b0 mode 2
Event: 1.910 Thread 0x0000024f5dffa080 Uncommon trap: trap_request=0xffffff45 fr.pc=0x0000024f6d41d170 relative=0x00000000000008f0
Event: 1.910 Thread 0x0000024f5dffa080 Uncommon trap: reason=unstable_if action=reinterpret pc=0x0000024f6d41d170 method=org.codehaus.plexus.util.xml.pull.MXParser.nextImpl()I @ 1161 c2
Event: 1.910 Thread 0x0000024f5dffa080 DEOPT PACKING pc=0x0000024f6d41d170 sp=0x000000b9d38fd590
Event: 1.910 Thread 0x0000024f5dffa080 DEOPT UNPACKING pc=0x0000024f658c23a3 sp=0x000000b9d38fd510 mode 2
Event: 1.912 Thread 0x0000024f5dffa080 Uncommon trap: trap_request=0xffffff45 fr.pc=0x0000024f6d3c4c3c relative=0x000000000000021c
Event: 1.912 Thread 0x0000024f5dffa080 Uncommon trap: reason=unstable_if action=reinterpret pc=0x0000024f6d3c4c3c method=java.lang.StringUTF16.compress([CII)[B @ 13 c2
Event: 1.912 Thread 0x0000024f5dffa080 DEOPT PACKING pc=0x0000024f6d3c4c3c sp=0x000000b9d38fd460
Event: 1.912 Thread 0x0000024f5dffa080 DEOPT UNPACKING pc=0x0000024f658c23a3 sp=0x000000b9d38fd3e8 mode 2
Event: 1.942 Thread 0x0000024f5dffa080 Uncommon trap: trap_request=0xffffff45 fr.pc=0x0000024f6d447e5c relative=0x00000000000000bc
Event: 1.942 Thread 0x0000024f5dffa080 Uncommon trap: reason=unstable_if action=reinterpret pc=0x0000024f6d447e5c method=org.apache.maven.model.validation.DefaultModelValidator.isValidIdCharacter(C)Z @ 15 c2
Event: 1.942 Thread 0x0000024f5dffa080 DEOPT PACKING pc=0x0000024f6d447e5c sp=0x000000b9d38fd570
Event: 1.942 Thread 0x0000024f5dffa080 DEOPT UNPACKING pc=0x0000024f658c23a3 sp=0x000000b9d38fd4f8 mode 2

Classes unloaded (0 events):
No events

Classes redefined (0 events):
No events

Internal exceptions (9 events):
Event: 0.085 Thread 0x0000024f7cd47ca0 Exception <a 'java/lang/NoSuchMethodError'{0x000000008b4f0b98}: 'java.lang.Object java.lang.invoke.DirectMethodHandle$Holder.invokeStaticInit(java.lang.Object)'> (0x000000008b4f0b98) 
thrown [s\open\src\hotspot\share\interpreter\linkResolver.cpp, line 759]
Event: 0.095 Thread 0x0000024f7cd47ca0 Exception <a 'java/lang/NoSuchMethodError'{0x000000008b4fe928}: 'void java.lang.invoke.DirectMethodHandle$Holder.invokeStatic(java.lang.Object, java.lang.Object)'> (0x000000008b4fe928) 
thrown [s\open\src\hotspot\share\interpreter\linkResolver.cpp, line 759]
Event: 0.208 Thread 0x0000024f5dffa080 Exception <a 'java/lang/NoSuchMethodError'{0x000000008b075058}: 'java.lang.Object java.lang.invoke.DirectMethodHandle$Holder.invokeStaticInit(java.lang.Object, int, int, int, int)'> (0x000000008b075058) 
thrown [s\open\src\hotspot\share\interpreter\linkResolver.cpp, line 759]
Event: 0.264 Thread 0x0000024f5dffa080 Exception <a 'java/lang/NoSuchMethodError'{0x000000008af1b550}: 'java.lang.Object java.lang.invoke.DirectMethodHandle$Holder.invokeStaticInit(java.lang.Object, java.lang.Object, int, int, int, int)'> (0x000000008af1b550) 
thrown [s\open\src\hotspot\share\interpreter\linkResolver.cpp, line 759]
Event: 0.625 Thread 0x0000024f5dffa080 Exception <a 'java/lang/NoSuchMethodError'{0x000000008a5e2340}: 'java.lang.Object java.lang.invoke.DirectMethodHandle$Holder.newInvokeSpecial(java.lang.Object, java.lang.Object, java.lang.Object, java.lang.Object, java.lang.Object)'> (0x000000008a5e2340) 
thrown [s\open\src\hotspot\share\interpreter\linkResolver.cpp, line 759]
Event: 1.391 Thread 0x0000024f5dffa080 Exception <a 'java/lang/NoClassDefFoundError'{0x000000008b38de08}: com/google/inject/servlet/ServletModuleTargetVisitor> (0x000000008b38de08) 
thrown [s\open\src\hotspot\share\classfile\systemDictionary.cpp, line 245]
Event: 1.392 Thread 0x0000024f5dffa080 Exception <a 'java/lang/NoClassDefFoundError'{0x000000008b38fad0}: javax/annotation/Priority> (0x000000008b38fad0) 
thrown [s\open\src\hotspot\share\classfile\systemDictionary.cpp, line 245]
Event: 1.616 Thread 0x0000024f5dffa080 Implicit null exception at 0x0000024f6d36aef2 to 0x0000024f6d36b50c
Event: 1.616 Thread 0x0000024f5dffa080 Implicit null exception at 0x0000024f6d389cf2 to 0x0000024f6d38a32c

VM Operations (20 events):
Event: 1.058 Executing VM operation: HandshakeAllThreads
Event: 1.058 Executing VM operation: HandshakeAllThreads done
Event: 1.219 Executing VM operation: ICBufferFull
Event: 1.219 Executing VM operation: ICBufferFull done
Event: 1.275 Executing VM operation: HandshakeAllThreads
Event: 1.275 Executing VM operation: HandshakeAllThreads done
Event: 1.277 Executing VM operation: HandshakeAllThreads
Event: 1.277 Executing VM operation: HandshakeAllThreads done
Event: 1.323 Executing VM operation: G1CollectForAllocation
Event: 1.330 Executing VM operation: G1CollectForAllocation done
Event: 1.367 Executing VM operation: HandshakeAllThreads
Event: 1.367 Executing VM operation: HandshakeAllThreads done
Event: 1.485 Executing VM operation: HandshakeAllThreads
Event: 1.485 Executing VM operation: HandshakeAllThreads done
Event: 1.585 Executing VM operation: HandshakeAllThreads
Event: 1.585 Executing VM operation: HandshakeAllThreads done
Event: 1.586 Executing VM operation: HandshakeAllThreads
Event: 1.586 Executing VM operation: HandshakeAllThreads done
Event: 1.635 Executing VM operation: ICBufferFull
Event: 1.635 Executing VM operation: ICBufferFull done

Events (20 events):
Event: 1.536 loading class java/util/Stack
Event: 1.536 loading class java/util/Stack done
Event: 1.579 loading class java/util/ArrayList$SubList$1
Event: 1.579 loading class java/util/ArrayList$SubList$1 done
Event: 1.585 loading class java/net/URL$2
Event: 1.585 loading class java/net/URL$2 done
Event: 1.585 loading class java/net/URL$1
Event: 1.585 loading class java/net/URL$1 done
Event: 1.585 loading class java/net/spi/URLStreamHandlerProvider
Event: 1.585 loading class java/net/spi/URLStreamHandlerProvider done
Event: 1.586 loading class sun/net/www/protocol/https/Handler
Event: 1.586 loading class sun/net/www/protocol/http/Handler
Event: 1.586 loading class sun/net/www/protocol/http/Handler done
Event: 1.586 loading class sun/net/www/protocol/https/Handler done
Event: 1.588 loading class java/util/regex/Pattern$Pos
Event: 1.588 loading class java/util/regex/Pattern$Pos done
Event: 1.702 loading class java/lang/Short$ShortCache
Event: 1.702 loading class java/lang/Short$ShortCache done
Event: 1.702 loading class java/lang/Byte$ByteCache
Event: 1.702 loading class java/lang/Byte$ByteCache done


Dynamic libraries:
0x00007ff6ca0c0000 - 0x00007ff6ca0d0000 	C:\Program Files\Java\jdk-17.0.5\bin\java.exe
0x00007ffc55cf0000 - 0x00007ffc55ee8000 	C:\WINDOWS\SYSTEM32\ntdll.dll
0x00007ffc54fc0000 - 0x00007ffc55082000 	C:\WINDOWS\System32\KERNEL32.DLL
0x00007ffc53820000 - 0x00007ffc53b16000 	C:\WINDOWS\System32\KERNELBASE.dll
0x00007ffc53380000 - 0x00007ffc53480000 	C:\WINDOWS\System32\ucrtbase.dll
0x00007ffc38bd0000 - 0x00007ffc38be8000 	C:\Program Files\Java\jdk-17.0.5\bin\jli.dll
0x00007ffc38bf0000 - 0x00007ffc38c0a000 	C:\Program Files\Java\jdk-17.0.5\bin\VCRUNTIME140.dll
0x00007ffc550c0000 - 0x00007ffc55171000 	C:\WINDOWS\System32\ADVAPI32.dll
0x00007ffc54020000 - 0x00007ffc540be000 	C:\WINDOWS\System32\msvcrt.dll
0x00007ffc54140000 - 0x00007ffc541df000 	C:\WINDOWS\System32\sechost.dll
0x00007ffc54ea0000 - 0x00007ffc54fc0000 	C:\WINDOWS\System32\RPCRT4.dll
0x00007ffc53ce0000 - 0x00007ffc53d07000 	C:\WINDOWS\System32\bcrypt.dll
0x00007ffc55180000 - 0x00007ffc55321000 	C:\WINDOWS\System32\USER32.dll
0x00007ffc534d0000 - 0x00007ffc534f2000 	C:\WINDOWS\System32\win32u.dll
0x00007ffc52830000 - 0x00007ffc52acb000 	C:\WINDOWS\WinSxS\amd64_microsoft.windows.common-controls_6595b64144ccf1df_6.0.19041.6456_none_60b8a6cb71f64256\COMCTL32.dll
0x00007ffc55090000 - 0x00007ffc550bb000 	C:\WINDOWS\System32\GDI32.dll
0x00007ffc53bc0000 - 0x00007ffc53cd9000 	C:\WINDOWS\System32\gdi32full.dll
0x00007ffc53b20000 - 0x00007ffc53bbd000 	C:\WINDOWS\System32\msvcp_win.dll
0x00007ffc50d20000 - 0x00007ffc50d2a000 	C:\WINDOWS\SYSTEM32\VERSION.dll
0x00007ffc54e70000 - 0x00007ffc54e9f000 	C:\WINDOWS\System32\IMM32.DLL
0x00007ffc49e40000 - 0x00007ffc49e4c000 	C:\Program Files\Java\jdk-17.0.5\bin\vcruntime140_1.dll
0x00007ffbe4790000 - 0x00007ffbe481d000 	C:\Program Files\Java\jdk-17.0.5\bin\msvcp140.dll
0x00007ffbbcb00000 - 0x00007ffbbd6c2000 	C:\Program Files\Java\jdk-17.0.5\bin\server\jvm.dll
0x00007ffc54300000 - 0x00007ffc54308000 	C:\WINDOWS\System32\PSAPI.DLL
0x00007ffc37b70000 - 0x00007ffc37b97000 	C:\WINDOWS\SYSTEM32\WINMM.dll
0x00007ffc49810000 - 0x00007ffc49819000 	C:\WINDOWS\SYSTEM32\WSOCK32.dll
0x00007ffc55c40000 - 0x00007ffc55cab000 	C:\WINDOWS\System32\WS2_32.dll
0x00007ffc50cf0000 - 0x00007ffc50d02000 	C:\WINDOWS\SYSTEM32\kernel.appcore.dll
0x00007ffc25630000 - 0x00007ffc2563a000 	C:\Program Files\Java\jdk-17.0.5\bin\jimage.dll
0x00007ffc52d60000 - 0x00007ffc52f61000 	C:\WINDOWS\SYSTEM32\DBGHELP.DLL
0x00007ffc52ca0000 - 0x00007ffc52cd4000 	C:\WINDOWS\SYSTEM32\dbgcore.DLL
0x00007ffc53500000 - 0x00007ffc53582000 	C:\WINDOWS\System32\bcryptPrimitives.dll
0x00007ffc4e770000 - 0x00007ffc4e77e000 	C:\Program Files\Java\jdk-17.0.5\bin\instrument.dll
0x00007ffc185b0000 - 0x00007ffc185d5000 	C:\Program Files\Java\jdk-17.0.5\bin\java.dll
0x00007ffbddef0000 - 0x00007ffbddfc6000 	C:\Program Files\Java\jdk-17.0.5\bin\jsvml.dll
0x00007ffc54700000 - 0x00007ffc54e70000 	C:\WINDOWS\System32\SHELL32.dll
0x00007ffc50260000 - 0x00007ffc50a05000 	C:\WINDOWS\SYSTEM32\windows.storage.dll
0x00007ffc55390000 - 0x00007ffc556e4000 	C:\WINDOWS\System32\combase.dll
0x00007ffc525a0000 - 0x00007ffc525cb000 	C:\WINDOWS\SYSTEM32\Wldp.dll
0x00007ffc53f50000 - 0x00007ffc5401d000 	C:\WINDOWS\System32\OLEAUT32.dll
0x00007ffc54250000 - 0x00007ffc542fd000 	C:\WINDOWS\System32\SHCORE.dll
0x00007ffc541e0000 - 0x00007ffc5423b000 	C:\WINDOWS\System32\shlwapi.dll
0x00007ffc532b0000 - 0x00007ffc532d4000 	C:\WINDOWS\SYSTEM32\profapi.dll
0x00007ffc18450000 - 0x00007ffc18468000 	C:\Program Files\Java\jdk-17.0.5\bin\zip.dll
0x00007ffc18590000 - 0x00007ffc185a9000 	C:\Program Files\java\jdk-17.0.5\bin\net.dll
0x00007ffc4f110000 - 0x00007ffc4f21a000 	C:\WINDOWS\SYSTEM32\WINHTTP.dll
0x00007ffc52380000 - 0x00007ffc523ea000 	C:\WINDOWS\system32\mswsock.dll
0x00007ffc18570000 - 0x00007ffc18586000 	C:\Program Files\java\jdk-17.0.5\bin\nio.dll
0x00007ffc4bf90000 - 0x00007ffc4bfaa000 	C:\Program Files\JetBrains\IntelliJ IDEA Community Edition 2022.2.3\bin\breakgen64.dll
0x00007ffc24e60000 - 0x00007ffc24e70000 	C:\Program Files\Java\jdk-17.0.5\bin\verify.dll
0x00007ffc530f0000 - 0x00007ffc53108000 	C:\WINDOWS\SYSTEM32\CRYPTSP.dll
0x00007ffc51d20000 - 0x00007ffc51d58000 	C:\WINDOWS\system32\rsaenh.dll
0x00007ffc53230000 - 0x00007ffc5325e000 	C:\WINDOWS\SYSTEM32\USERENV.dll
0x00007ffc52510000 - 0x00007ffc5251c000 	C:\WINDOWS\SYSTEM32\CRYPTBASE.dll
0x00007ffc52080000 - 0x00007ffc520bb000 	C:\WINDOWS\SYSTEM32\IPHLPAPI.DLL
0x00007ffc54240000 - 0x00007ffc54248000 	C:\WINDOWS\System32\NSI.dll
0x00007ffc4db70000 - 0x00007ffc4db87000 	C:\WINDOWS\SYSTEM32\dhcpcsvc6.DLL
0x00007ffc4db50000 - 0x00007ffc4db6d000 	C:\WINDOWS\SYSTEM32\dhcpcsvc.DLL
0x00007ffc520c0000 - 0x00007ffc5218a000 	C:\WINDOWS\SYSTEM32\DNSAPI.dll
0x00007ffc4bf60000 - 0x00007ffc4bf6a000 	C:\Users\Rayhan\AppData\Local\Temp\jansi-1.17.1-7365011931248004123.dll
0x00007ffc38b50000 - 0x00007ffc38b5a000 	C:\Users\Rayhan\AppData\Local\Temp\jansi-1.17.1-15989004262755279646.dll

dbghelp: loaded successfully - version: 4.0.5 - missing functions: none
symbol engine: initialized successfully - sym options: 0x614 - pdb path: .;C:\Program Files\Java\jdk-17.0.5\bin;C:\WINDOWS\SYSTEM32;C:\WINDOWS\WinSxS\amd64_microsoft.windows.common-controls_6595b64144ccf1df_6.0.19041.6456_none_60b8a6cb71f64256;C:\Program Files\Java\jdk-17.0.5\bin\server;C:\Program Files\JetBrains\IntelliJ IDEA Community Edition 2022.2.3\bin;C:\Users\Rayhan\AppData\Local\Temp

VM Arguments:
jvm_args: -Dmaven.multiModuleProjectDirectory=D:\ecommerce-project\notification -Dmaven.home=C:\Program Files\JetBrains\IntelliJ IDEA Community Edition 2022.2.3\plugins\maven\lib\maven3 -Dclassworlds.conf=C:\Program Files\JetBrains\IntelliJ IDEA Community Edition 2022.2.3\plugins\maven\lib\maven3\bin\m2.conf -Dmaven.ext.class.path=C:\Program Files\JetBrains\IntelliJ IDEA Community Edition 2022.2.3\plugins\maven\lib\maven-event-listener.jar -javaagent:C:\Program Files\JetBrains\IntelliJ IDEA Community Edition 2022.2.3\lib\idea_rt.jar=51533:C:\Program Files\JetBrains\IntelliJ IDEA Community Edition 2022.2.3\bin -Dfile.encoding=UTF-8 
java_command: org.codehaus.classworlds.Launcher -Didea.version=2022.2.3 install
java_class_path (initial): C:\Program Files\JetBrains\IntelliJ IDEA Community Edition 2022.2.3\plugins\maven\lib\maven3\boot\plexus-classworlds-2.6.0.jar;C:\Program Files\JetBrains\IntelliJ IDEA Community Edition 2022.2.3\plugins\maven\lib\maven3\boot\plexus-classworlds.license
Launcher Type: SUN_STANDARD

[Global flags]
     intx CICompilerCount                          = 4                                         {product} {ergonomic}
     uint ConcGCThreads                            = 2                                         {product} {ergonomic}
     uint G1ConcRefinementThreads                  = 8                                         {product} {ergonomic}
   size_t G1HeapRegionSize                         = 1048576                                   {product} {ergonomic}
    uintx GCDrainStackTargetSize                   = 64                                        {product} {ergonomic}
   size_t InitialHeapSize                          = 132120576                                 {product} {ergonomic}
   size_t MarkStackSize                            = 4194304                                   {product} {ergonomic}
   size_t MaxHeapSize                              = 2088763392                                {product} {ergonomic}
   size_t MaxNewSize                               = 1253048320                                {product} {ergonomic}
   size_t MinHeapDeltaBytes                        = 1048576                                   {product} {ergonomic}
   size_t MinHeapSize                              = 8388608                                   {product} {ergonomic}
    uintx NonNMethodCodeHeapSize                   = 5839372                                {pd product} {ergonomic}
    uintx NonProfiledCodeHeapSize                  = 122909434                              {pd product} {ergonomic}
    uintx ProfiledCodeHeapSize                     = 122909434                              {pd product} {ergonomic}
    uintx ReservedCodeCacheSize                    = 251658240                              {pd product} {ergonomic}
     bool SegmentedCodeCache                       = true                                      {product} {ergonomic}
   size_t SoftMaxHeapSize                          = 2088763392                             {manageable} {ergonomic}
     bool UseCompressedClassPointers               = true                           {product lp64_product} {ergonomic}
     bool UseCompressedOops                        = true                           {product lp64_product} {ergonomic}
     bool UseG1GC                                  = true                                      {product} {ergonomic}
     bool UseLargePagesIndividualAllocation        = false                                  {pd product} {ergonomic}

Logging:
Log output configuration:
 #0: stdout all=warning uptime,level,tags
 #1: stderr all=off uptime,level,tags

Environment Variables:
JAVA_HOME=C:\Program Files\java\jdk-17.0.5
PATH=C:\WINDOWS\system32;C:\WINDOWS;C:\WINDOWS\System32\Wbem;C:\WINDOWS\System32\WindowsPowerShell\v1.0\;C:\WINDOWS\System32\OpenSSH\;C:\Program Files\java\jdk-17.0.5\bin;C:\Program Files\Git\cmd;C:\wamp64\bin\php\php7.4.33;C:\composer;C:\ProgramData\chocolatey\bin;C:\Users\Rayhan\AppData\Local\nvm;C:\nvm4w\nodejs;C:\Program Files\apache-maven\bin;C:\Program Files\Cloudflare\Cloudflare WARP\;C:\Users\Rayhan\AppData\Local\Programs\Python\Python314;C:\Users\Rayhan\AppData\Local\Programs\Python\Python310\Scripts;C:\Program Files\wkhtmltopdf\bin;C:\Program Files (x86)\cloudflared\;C:\Program Files\PuTTY\;C:\Program Files\Docker\Docker\resources\bin;D:\Apps\minikube;C:\Users\Rayhan\AppData\Local\Programs\Python\Python311\Scripts\;C:\Users\Rayhan\AppData\Local\Programs\Python\Python311\;C:\Users\Rayhan\AppData\Local\Microsoft\WindowsApps;C:\Program Files\JetBrains\IntelliJ IDEA Community Edition 2022.2.3\bin;;C:\Users\Rayhan\AppData\Roaming\Composer\vendor\bin;C:\Users\Rayhan\AppData\Local\Programs\Windsurf\bin;C:\Users\Rayhan\AppData\Local\nvm;C:\nvm4w\nodejs;C:\Users\Rayhan\AppData\Local\Programs\Microsoft VS Code\bin;C:\Program Files\JetBrains\PyCharm 2023.1.3\bin;;C:\Users\Rayhan\AppData\Local\Microsoft\WinGet\Packages\Kubernetes.kind_Microsoft.Winget.Source_8wekyb3d8bbwe
USERNAME=Rayhan
OS=Windows_NT
PROCESSOR_IDENTIFIER=Intel64 Family 6 Model 142 Stepping 12, GenuineIntel



---------------  S Y S T E M  ---------------

OS:
 Windows 10 , 64 bit Build 19041 (10.0.19041.5915)
OS uptime: 1 days 6:40 hours
Hyper-V role detected

CPU: total 8 (initial active 8) (4 cores per cpu, 2 threads per core) family 6 model 142 stepping 12 microcode 0x100, cx8, cmov, fxsr, ht, mmx, 3dnowpref, sse, sse2, sse3, ssse3, sse4.1, sse4.2, popcnt, lzcnt, tsc, tscinvbit, avx, avx2, aes, erms, clmul, bmi1, bmi2, adx, fma, vzeroupper, clflush, clflushopt, hv

Memory: 4k page, system-wide physical 7965M (343M free)
TotalPageFile size 20465M (AvailPageFile size 1M)
current process WorkingSet (physical memory assigned to process): 119M, peak: 119M
current process commit charge ("private bytes"): 247M, peak: 247M

vm_info: Java HotSpot(TM) 64-Bit Server VM (17.0.5+9-LTS-191) for windows-amd64 JRE (17.0.5+9-LTS-191), built on Sep 13 2022 17:31:43 by "mach5one" with MS VC++ 16.8 / 16.9 (VS2019)

END.
