#
# There is insufficient memory for the Java Runtime Environment to continue.
# Native memory allocation (mmap) failed to map 152043520 bytes for G1 virtual space
# Possible reasons:
#   The system is out of physical RAM or swap space
#   The process is running with CompressedOops enabled, and the Java Heap may be blocking the growth of the native heap
# Possible solutions:
#   Reduce memory load on the system
#   Increase physical memory or swap space
#   Check if swap backing store is full
#   Decrease Java heap size (-Xmx/-Xms)
#   Decrease number of Java threads
#   Decrease Java thread stack sizes (-Xss)
#   Set larger code cache with -XX:ReservedCodeCacheSize=
#   JVM is running with Unscaled Compressed Oops mode in which the Java heap is
#     placed in the first 4GB address space. The Java Heap base address is the
#     maximum limit for the native heap growth. Please use -XX:HeapBaseMinAddress
#     to set the Java Heap base and to place the Java Heap above 4GB virtual address.
# This output file may be truncated or incomplete.
#
#  Out of Memory Error (os_windows.cpp:3541), pid=9652, tid=20116
#
# JRE version: Java(TM) SE Runtime Environment (17.0.5+9) (build 17.0.5+9-LTS-191)
# Java VM: Java HotSpot(TM) 64-Bit Server VM (17.0.5+9-LTS-191, mixed mode, sharing, tiered, compressed oops, compressed class ptrs, g1 gc, windows-amd64)
# No core dump will be written. Minidumps are not enabled by default on client versions of Windows
#

---------------  S U M M A R Y ------------

Command Line: -Dmaven.multiModuleProjectDirectory=D:\ecommerce-project\notification -Dmaven.home=C:\Program Files\JetBrains\IntelliJ IDEA Community Edition 2022.2.3\plugins\maven\lib\maven3 -Dclassworlds.conf=C:\Program Files\JetBrains\IntelliJ IDEA Community Edition 2022.2.3\plugins\maven\lib\maven3\bin\m2.conf -Dmaven.ext.class.path=C:\Program Files\JetBrains\IntelliJ IDEA Community Edition 2022.2.3\plugins\maven\lib\maven-event-listener.jar -javaagent:C:\Program Files\JetBrains\IntelliJ IDEA Community Edition 2022.2.3\lib\idea_rt.jar=51536:C:\Program Files\JetBrains\IntelliJ IDEA Community Edition 2022.2.3\bin -Dfile.encoding=UTF-8 org.codehaus.classworlds.Launcher -Didea.version=2022.2.3 install

Host: Intel(R) Core(TM) i5-10310U CPU @ 1.70GHz, 8 cores, 7G,  Windows 10 , 64 bit Build 19041 (10.0.19041.5915)
Time: Wed Mar  4 00:44:33 2026 Malay Peninsula Standard Time elapsed time: 7.254507 seconds (0d 0h 0m 7s)

---------------  T H R E A D  ---------------

Current thread (0x0000028dec132bb0):  VMThread "VM Thread" [stack: 0x000000e777f00000,0x000000e778000000] [id=20116]

Stack: [0x000000e777f00000,0x000000e778000000]
Native frames: (J=compiled Java code, j=interpreted, Vv=VM code, C=native code)
V  [jvm.dll+0x672eea]
V  [jvm.dll+0x7d2a04]
V  [jvm.dll+0x7d41ae]
V  [jvm.dll+0x7d4813]
V  [jvm.dll+0x242c15]
V  [jvm.dll+0x66fe09]
V  [jvm.dll+0x664682]
V  [jvm.dll+0x300e8b]
V  [jvm.dll+0x308426]
V  [jvm.dll+0x357ffe]
V  [jvm.dll+0x35822f]
V  [jvm.dll+0x2d80a8]
V  [jvm.dll+0x2d6374]
V  [jvm.dll+0x2d597c]
V  [jvm.dll+0x319711]
V  [jvm.dll+0x7d8ceb]
V  [jvm.dll+0x7d9a24]
V  [jvm.dll+0x7d9f3c]
V  [jvm.dll+0x7da314]
V  [jvm.dll+0x7da3e0]
V  [jvm.dll+0x782b4a]
V  [jvm.dll+0x671d75]
C  [ucrtbase.dll+0x21bb2]
C  [KERNEL32.DLL+0x17374]
C  [ntdll.dll+0x4cc91]

VM_Operation (0x000000e7779fc8b0): G1TryInitiateConcMark, mode: safepoint, requested by thread 0x0000028dce18d420


---------------  P R O C E S S  ---------------

Threads class SMR info:
_java_thread_list=0x0000028dee475d30, length=14, elements={
0x0000028dce18d420, 0x0000028dec139820, 0x0000028dec13ae30, 0x0000028dec1491a0,
0x0000028dec14cb70, 0x0000028dec14db30, 0x0000028dec14ec80, 0x0000028dec151110,
0x0000028dec156400, 0x0000028dec1795b0, 0x0000028decca7470, 0x0000028decda0c20,
0x0000028decda14f0, 0x0000028dee093720
}

Java Threads: ( => current thread )
  0x0000028dce18d420 JavaThread "main" [_thread_blocked, id=19688, stack(0x000000e777900000,0x000000e777a00000)]
  0x0000028dec139820 JavaThread "Reference Handler" daemon [_thread_blocked, id=1796, stack(0x000000e778000000,0x000000e778100000)]
  0x0000028dec13ae30 JavaThread "Finalizer" daemon [_thread_blocked, id=15144, stack(0x000000e778100000,0x000000e778200000)]
  0x0000028dec1491a0 JavaThread "Signal Dispatcher" daemon [_thread_blocked, id=22580, stack(0x000000e778200000,0x000000e778300000)]
  0x0000028dec14cb70 JavaThread "Attach Listener" daemon [_thread_blocked, id=1400, stack(0x000000e778300000,0x000000e778400000)]
  0x0000028dec14db30 JavaThread "Service Thread" daemon [_thread_blocked, id=22444, stack(0x000000e778400000,0x000000e778500000)]
  0x0000028dec14ec80 JavaThread "Monitor Deflation Thread" daemon [_thread_blocked, id=20128, stack(0x000000e778500000,0x000000e778600000)]
  0x0000028dec151110 JavaThread "C2 CompilerThread0" daemon [_thread_blocked, id=20404, stack(0x000000e778600000,0x000000e778700000)]
  0x0000028dec156400 JavaThread "C1 CompilerThread0" daemon [_thread_blocked, id=21220, stack(0x000000e778700000,0x000000e778800000)]
  0x0000028dec1795b0 JavaThread "Sweeper thread" daemon [_thread_blocked, id=16332, stack(0x000000e778800000,0x000000e778900000)]
  0x0000028decca7470 JavaThread "Common-Cleaner" daemon [_thread_blocked, id=16636, stack(0x000000e778900000,0x000000e778a00000)]
  0x0000028decda0c20 JavaThread "Monitor Ctrl-Break" daemon [_thread_in_native, id=22976, stack(0x000000e778a00000,0x000000e778b00000)]
  0x0000028decda14f0 JavaThread "Notification Thread" daemon [_thread_blocked, id=11348, stack(0x000000e778b00000,0x000000e778c00000)]
  0x0000028dee093720 JavaThread "C2 CompilerThread1" daemon [_thread_blocked, id=22912, stack(0x000000e779500000,0x000000e779600000)]

Other Threads:
=>0x0000028dec132bb0 VMThread "VM Thread" [stack: 0x000000e777f00000,0x000000e778000000] [id=20116]
  0x0000028decda34a0 WatcherThread [stack: 0x000000e778c00000,0x000000e778d00000] [id=9768]
  0x0000028dce1e5930 GCTaskThread "GC Thread#0" [stack: 0x000000e777a00000,0x000000e777b00000] [id=10340]
  0x0000028ded4fbaf0 GCTaskThread "GC Thread#1" [stack: 0x000000e778e00000,0x000000e778f00000] [id=23088]
  0x0000028ded556010 GCTaskThread "GC Thread#2" [stack: 0x000000e778f00000,0x000000e779000000] [id=21268]
  0x0000028ded5bec90 GCTaskThread "GC Thread#3" [stack: 0x000000e779000000,0x000000e779100000] [id=2440]
  0x0000028ded560140 GCTaskThread "GC Thread#4" [stack: 0x000000e779100000,0x000000e779200000] [id=13760]
  0x0000028ded4a4710 GCTaskThread "GC Thread#5" [stack: 0x000000e779200000,0x000000e779300000] [id=12020]
  0x0000028ded5b09a0 GCTaskThread "GC Thread#6" [stack: 0x000000e779300000,0x000000e779400000] [id=412]
  0x0000028ded5b0c50 GCTaskThread "GC Thread#7" [stack: 0x000000e779400000,0x000000e779500000] [id=11924]
  0x0000028dcc14ddc0 ConcurrentGCThread "G1 Main Marker" [stack: 0x000000e777b00000,0x000000e777c00000] [id=19532]
  0x0000028dcc14e2f0 ConcurrentGCThread "G1 Conc#0" [stack: 0x000000e777c00000,0x000000e777d00000] [id=20156]
  0x0000028def816030 ConcurrentGCThread "G1 Conc#1" [stack: 0x000000e778d00000,0x000000e778e00000] [id=21896]
  0x0000028debff00a0 ConcurrentGCThread "G1 Refine#0" [stack: 0x000000e777d00000,0x000000e777e00000] [id=16668]
  0x0000028debff0ac0 ConcurrentGCThread "G1 Service" [stack: 0x000000e777e00000,0x000000e777f00000] [id=14676]

Threads with active compile tasks:

VM state: at safepoint (normal execution)

VM Mutex/Monitor currently owned by a thread:  ([mutex/lock_event])
[0x0000028dce18a330] Threads_lock - owner thread: 0x0000028dec132bb0
[0x0000028dce188830] Heap_lock - owner thread: 0x0000028dce18d420

Heap address: 0x0000000083800000, size: 1992 MB, Compressed Oops mode: 32-bit

CDS archive(s) mapped at: [0x0000000800000000-0x0000000800bd0000-0x0000000800bd0000), size 12386304, SharedBaseAddress: 0x0000000800000000, ArchiveRelocationMode: 0.
Compressed class space mapped at: 0x0000000800c00000-0x0000000840c00000, reserved size: 1073741824
Narrow klass base: 0x0000000800000000, Narrow klass shift: 0, Narrow klass range: 0x100000000

GC Precious Log:
 CPUs: 8 total, 8 available
 Memory: 7965M
 Large Page Support: Disabled
 NUMA Support: Disabled
 Compressed Oops: Enabled (32-bit)
 Heap Region Size: 1M
 Heap Min Capacity: 8M
 Heap Initial Capacity: 126M
 Heap Max Capacity: 1992M
 Pre-touch: Disabled
 Parallel Workers: 8
 Concurrent Workers: 2
 Concurrent Refinement Workers: 8
 Periodic GC: Disabled

Heap:
 garbage-first heap   total 137216K, used 54143K [0x0000000083800000, 0x0000000100000000)
  region size 1024K, 2 young (2048K), 2 survivors (2048K)
 Metaspace       used 25060K, committed 25344K, reserved 1073152K
  class space    used 2824K, committed 2944K, reserved 1048576K

Heap Regions: E=young(eden), S=young(survivor), O=old, HS=humongous(starts), HC=humongous(continues), CS=collection set, F=free, OA=open archive, CA=closed archive, TAMS=top-at-mark-start (previous, next)
|   0|0x0000000083800000, 0x0000000083900000, 0x0000000083900000|100%| O|  |TAMS 0x0000000083900000, 0x0000000083900000| Untracked 
|   1|0x0000000083900000, 0x0000000083a00000, 0x0000000083a00000|100%| O|  |TAMS 0x0000000083a00000, 0x0000000083a00000| Untracked 
|   2|0x0000000083a00000, 0x0000000083b00000, 0x0000000083b00000|100%| O|  |TAMS 0x0000000083b00000, 0x0000000083b00000| Untracked 
|   3|0x0000000083b00000, 0x0000000083c00000, 0x0000000083c00000|100%| O|  |TAMS 0x0000000083c00000, 0x0000000083c00000| Untracked 
|   4|0x0000000083c00000, 0x0000000083d00000, 0x0000000083d00000|100%| O|  |TAMS 0x0000000083d00000, 0x0000000083d00000| Untracked 
|   5|0x0000000083d00000, 0x0000000083e00000, 0x0000000083e00000|100%| O|  |TAMS 0x0000000083e00000, 0x0000000083e00000| Untracked 
|   6|0x0000000083e00000, 0x0000000083f00000, 0x0000000083f00000|100%| O|  |TAMS 0x0000000083f00000, 0x0000000083f00000| Untracked 
|   7|0x0000000083f00000, 0x0000000084000000, 0x0000000084000000|100%| O|  |TAMS 0x0000000084000000, 0x0000000084000000| Untracked 
|   8|0x0000000084000000, 0x0000000084100000, 0x0000000084100000|100%| O|  |TAMS 0x0000000084100000, 0x0000000084100000| Untracked 
|   9|0x0000000084100000, 0x0000000084200000, 0x0000000084200000|100%| O|  |TAMS 0x0000000084200000, 0x0000000084200000| Untracked 
|  10|0x0000000084200000, 0x0000000084300000, 0x0000000084300000|100%| O|  |TAMS 0x0000000084300000, 0x0000000084300000| Untracked 
|  11|0x0000000084300000, 0x0000000084400000, 0x0000000084400000|100%| O|  |TAMS 0x0000000084400000, 0x0000000084400000| Untracked 
|  12|0x0000000084400000, 0x0000000084500000, 0x0000000084500000|100%| O|  |TAMS 0x0000000084500000, 0x0000000084500000| Untracked 
|  13|0x0000000084500000, 0x0000000084600000, 0x0000000084600000|100%| O|  |TAMS 0x0000000084535800, 0x0000000084600000| Untracked 
|  14|0x0000000084600000, 0x0000000084600000, 0x0000000084700000|  0%| F|  |TAMS 0x0000000084600000, 0x0000000084600000| Untracked 
|  15|0x0000000084700000, 0x0000000084800000, 0x0000000084800000|100%| O|  |TAMS 0x0000000084700000, 0x0000000084800000| Untracked 
|  16|0x0000000084800000, 0x0000000084900000, 0x0000000084900000|100%| O|  |TAMS 0x0000000084800000, 0x0000000084900000| Untracked 
|  17|0x0000000084900000, 0x0000000084a00000, 0x0000000084a00000|100%|HS|  |TAMS 0x0000000084a00000, 0x0000000084a00000| Complete 
|  18|0x0000000084a00000, 0x0000000084b00000, 0x0000000084b00000|100%|HC|  |TAMS 0x0000000084b00000, 0x0000000084b00000| Complete 
|  19|0x0000000084b00000, 0x0000000084c00000, 0x0000000084c00000|100%| O|  |TAMS 0x0000000084b00000, 0x0000000084c00000| Untracked 
|  20|0x0000000084c00000, 0x0000000084d00000, 0x0000000084d00000|100%| O|  |TAMS 0x0000000084c00000, 0x0000000084d00000| Untracked 
|  21|0x0000000084d00000, 0x0000000084e00000, 0x0000000084e00000|100%| O|  |TAMS 0x0000000084d00000, 0x0000000084e00000| Untracked 
|  22|0x0000000084e00000, 0x0000000084f00000, 0x0000000084f00000|100%| O|  |TAMS 0x0000000084e00000, 0x0000000084f00000| Untracked 
|  23|0x0000000084f00000, 0x0000000085000000, 0x0000000085000000|100%| O|  |TAMS 0x0000000084f00000, 0x0000000085000000| Untracked 
|  24|0x0000000085000000, 0x0000000085100000, 0x0000000085100000|100%| O|  |TAMS 0x0000000085000000, 0x0000000085100000| Untracked 
|  25|0x0000000085100000, 0x0000000085200000, 0x0000000085200000|100%| O|  |TAMS 0x0000000085100000, 0x0000000085200000| Untracked 
|  26|0x0000000085200000, 0x0000000085200000, 0x0000000085300000|  0%| F|  |TAMS 0x0000000085200000, 0x0000000085200000| Untracked 
|  27|0x0000000085300000, 0x0000000085300000, 0x0000000085400000|  0%| F|  |TAMS 0x0000000085300000, 0x0000000085300000| Untracked 
|  28|0x0000000085400000, 0x0000000085500000, 0x0000000085500000|100%| O|  |TAMS 0x0000000085400000, 0x0000000085500000| Untracked 
|  29|0x0000000085500000, 0x0000000085600000, 0x0000000085600000|100%|HS|  |TAMS 0x0000000085500000, 0x0000000085600000| Complete 
|  30|0x0000000085600000, 0x0000000085700000, 0x0000000085700000|100%|HS|  |TAMS 0x0000000085600000, 0x0000000085700000| Complete 
|  31|0x0000000085700000, 0x0000000085800000, 0x0000000085800000|100%| O|  |TAMS 0x0000000085700000, 0x0000000085800000| Untracked 
|  32|0x0000000085800000, 0x0000000085900000, 0x0000000085900000|100%| O|  |TAMS 0x0000000085800000, 0x0000000085900000| Untracked 
|  33|0x0000000085900000, 0x0000000085a00000, 0x0000000085a00000|100%| O|  |TAMS 0x0000000085900000, 0x0000000085a00000| Untracked 
|  34|0x0000000085a00000, 0x0000000085b00000, 0x0000000085b00000|100%| O|  |TAMS 0x0000000085a00000, 0x0000000085b00000| Untracked 
|  35|0x0000000085b00000, 0x0000000085c00000, 0x0000000085c00000|100%| O|  |TAMS 0x0000000085b00000, 0x0000000085c00000| Untracked 
|  36|0x0000000085c00000, 0x0000000085d00000, 0x0000000085d00000|100%| O|  |TAMS 0x0000000085c00000, 0x0000000085d00000| Untracked 
|  37|0x0000000085d00000, 0x0000000085e00000, 0x0000000085e00000|100%| O|  |TAMS 0x0000000085d00000, 0x0000000085e00000| Untracked 
|  38|0x0000000085e00000, 0x0000000085f00000, 0x0000000085f00000|100%| O|  |TAMS 0x0000000085e00000, 0x0000000085f00000| Untracked 
|  39|0x0000000085f00000, 0x0000000086000000, 0x0000000086000000|100%| O|  |TAMS 0x0000000085f00000, 0x0000000086000000| Untracked 
|  40|0x0000000086000000, 0x0000000086000000, 0x0000000086100000|  0%| F|  |TAMS 0x0000000086000000, 0x0000000086000000| Untracked 
|  41|0x0000000086100000, 0x0000000086100000, 0x0000000086200000|  0%| F|  |TAMS 0x0000000086100000, 0x0000000086100000| Untracked 
|  42|0x0000000086200000, 0x0000000086200000, 0x0000000086300000|  0%| F|  |TAMS 0x0000000086200000, 0x0000000086200000| Untracked 
|  43|0x0000000086300000, 0x0000000086300000, 0x0000000086400000|  0%| F|  |TAMS 0x0000000086300000, 0x0000000086300000| Untracked 
|  44|0x0000000086400000, 0x0000000086400000, 0x0000000086500000|  0%| F|  |TAMS 0x0000000086400000, 0x0000000086400000| Untracked 
|  45|0x0000000086500000, 0x0000000086500000, 0x0000000086600000|  0%| F|  |TAMS 0x0000000086500000, 0x0000000086500000| Untracked 
|  46|0x0000000086600000, 0x0000000086600000, 0x0000000086700000|  0%| F|  |TAMS 0x0000000086600000, 0x0000000086600000| Untracked 
|  47|0x0000000086700000, 0x0000000086700000, 0x0000000086800000|  0%| F|  |TAMS 0x0000000086700000, 0x0000000086700000| Untracked 
|  48|0x0000000086800000, 0x0000000086800000, 0x0000000086900000|  0%| F|  |TAMS 0x0000000086800000, 0x0000000086800000| Untracked 
|  49|0x0000000086900000, 0x0000000086a00000, 0x0000000086a00000|100%| O|  |TAMS 0x0000000086900000, 0x0000000086a00000| Untracked 
|  50|0x0000000086a00000, 0x0000000086b00000, 0x0000000086b00000|100%| O|  |TAMS 0x0000000086a00000, 0x0000000086b00000| Untracked 
|  51|0x0000000086b00000, 0x0000000086c00000, 0x0000000086c00000|100%| O|  |TAMS 0x0000000086b00000, 0x0000000086c00000| Untracked 
|  52|0x0000000086c00000, 0x0000000086d00000, 0x0000000086d00000|100%| O|  |TAMS 0x0000000086c00000, 0x0000000086d00000| Untracked 
|  53|0x0000000086d00000, 0x0000000086e00000, 0x0000000086e00000|100%| O|  |TAMS 0x0000000086d00000, 0x0000000086e00000| Untracked 
|  54|0x0000000086e00000, 0x0000000086f00000, 0x0000000086f00000|100%| O|  |TAMS 0x0000000086e00000, 0x0000000086f00000| Untracked 
|  55|0x0000000086f00000, 0x0000000086f80000, 0x0000000087000000| 50%| O|  |TAMS 0x0000000086f00000, 0x0000000086f80000| Untracked 
|  56|0x0000000087000000, 0x0000000087000000, 0x0000000087100000|  0%| F|  |TAMS 0x0000000087000000, 0x0000000087000000| Untracked 
|  57|0x0000000087100000, 0x0000000087100000, 0x0000000087200000|  0%| F|  |TAMS 0x0000000087100000, 0x0000000087100000| Untracked 
|  58|0x0000000087200000, 0x0000000087200000, 0x0000000087300000|  0%| F|  |TAMS 0x0000000087200000, 0x0000000087200000| Untracked 
|  59|0x0000000087300000, 0x0000000087300000, 0x0000000087400000|  0%| F|  |TAMS 0x0000000087300000, 0x0000000087300000| Untracked 
|  60|0x0000000087400000, 0x0000000087400000, 0x0000000087500000|  0%| F|  |TAMS 0x0000000087400000, 0x0000000087400000| Untracked 
|  61|0x0000000087500000, 0x0000000087500000, 0x0000000087600000|  0%| F|  |TAMS 0x0000000087500000, 0x0000000087500000| Untracked 
|  62|0x0000000087600000, 0x0000000087600000, 0x0000000087700000|  0%| F|  |TAMS 0x0000000087600000, 0x0000000087600000| Untracked 
|  63|0x0000000087700000, 0x0000000087700000, 0x0000000087800000|  0%| F|  |TAMS 0x0000000087700000, 0x0000000087700000| Untracked 
|  64|0x0000000087800000, 0x0000000087800000, 0x0000000087900000|  0%| F|  |TAMS 0x0000000087800000, 0x0000000087800000| Untracked 
|  65|0x0000000087900000, 0x0000000087900000, 0x0000000087a00000|  0%| F|  |TAMS 0x0000000087900000, 0x0000000087900000| Untracked 
|  66|0x0000000087a00000, 0x0000000087a00000, 0x0000000087b00000|  0%| F|  |TAMS 0x0000000087a00000, 0x0000000087a00000| Untracked 
|  67|0x0000000087b00000, 0x0000000087b00000, 0x0000000087c00000|  0%| F|  |TAMS 0x0000000087b00000, 0x0000000087b00000| Untracked 
|  68|0x0000000087c00000, 0x0000000087c00000, 0x0000000087d00000|  0%| F|  |TAMS 0x0000000087c00000, 0x0000000087c00000| Untracked 
|  69|0x0000000087d00000, 0x0000000087d00000, 0x0000000087e00000|  0%| F|  |TAMS 0x0000000087d00000, 0x0000000087d00000| Untracked 
|  70|0x0000000087e00000, 0x0000000087e00000, 0x0000000087f00000|  0%| F|  |TAMS 0x0000000087e00000, 0x0000000087e00000| Untracked 
|  71|0x0000000087f00000, 0x0000000087f00000, 0x0000000088000000|  0%| F|  |TAMS 0x0000000087f00000, 0x0000000087f00000| Untracked 
|  72|0x0000000088000000, 0x0000000088000000, 0x0000000088100000|  0%| F|  |TAMS 0x0000000088000000, 0x0000000088000000| Untracked 
|  73|0x0000000088100000, 0x0000000088100000, 0x0000000088200000|  0%| F|  |TAMS 0x0000000088100000, 0x0000000088100000| Untracked 
|  74|0x0000000088200000, 0x0000000088200000, 0x0000000088300000|  0%| F|  |TAMS 0x0000000088200000, 0x0000000088200000| Untracked 
|  75|0x0000000088300000, 0x0000000088300000, 0x0000000088400000|  0%| F|  |TAMS 0x0000000088300000, 0x0000000088300000| Untracked 
|  76|0x0000000088400000, 0x0000000088400000, 0x0000000088500000|  0%| F|  |TAMS 0x0000000088400000, 0x0000000088400000| Untracked 
|  77|0x0000000088500000, 0x0000000088500000, 0x0000000088600000|  0%| F|  |TAMS 0x0000000088500000, 0x0000000088500000| Untracked 
|  78|0x0000000088600000, 0x0000000088600000, 0x0000000088700000|  0%| F|  |TAMS 0x0000000088600000, 0x0000000088600000| Untracked 
|  79|0x0000000088700000, 0x0000000088700000, 0x0000000088800000|  0%| F|  |TAMS 0x0000000088700000, 0x0000000088700000| Untracked 
|  80|0x0000000088800000, 0x0000000088800000, 0x0000000088900000|  0%| F|  |TAMS 0x0000000088800000, 0x0000000088800000| Untracked 
|  81|0x0000000088900000, 0x0000000088900000, 0x0000000088a00000|  0%| F|  |TAMS 0x0000000088900000, 0x0000000088900000| Untracked 
|  82|0x0000000088a00000, 0x0000000088a00000, 0x0000000088b00000|  0%| F|  |TAMS 0x0000000088a00000, 0x0000000088a00000| Untracked 
|  83|0x0000000088b00000, 0x0000000088b00000, 0x0000000088c00000|  0%| F|  |TAMS 0x0000000088b00000, 0x0000000088b00000| Untracked 
|  84|0x0000000088c00000, 0x0000000088c00000, 0x0000000088d00000|  0%| F|  |TAMS 0x0000000088c00000, 0x0000000088c00000| Untracked 
|  85|0x0000000088d00000, 0x0000000088d00000, 0x0000000088e00000|  0%| F|  |TAMS 0x0000000088d00000, 0x0000000088d00000| Untracked 
|  86|0x0000000088e00000, 0x0000000088e00000, 0x0000000088f00000|  0%| F|  |TAMS 0x0000000088e00000, 0x0000000088e00000| Untracked 
|  87|0x0000000088f00000, 0x0000000088f00000, 0x0000000089000000|  0%| F|  |TAMS 0x0000000088f00000, 0x0000000088f00000| Untracked 
|  88|0x0000000089000000, 0x0000000089000000, 0x0000000089100000|  0%| F|  |TAMS 0x0000000089000000, 0x0000000089000000| Untracked 
|  89|0x0000000089100000, 0x0000000089100000, 0x0000000089200000|  0%| F|  |TAMS 0x0000000089100000, 0x0000000089100000| Untracked 
|  90|0x0000000089200000, 0x0000000089200000, 0x0000000089300000|  0%| F|  |TAMS 0x0000000089200000, 0x0000000089200000| Untracked 
|  91|0x0000000089300000, 0x0000000089300000, 0x0000000089400000|  0%| F|  |TAMS 0x0000000089300000, 0x0000000089300000| Untracked 
|  92|0x0000000089400000, 0x000000008945fd50, 0x0000000089500000| 37%| S|CS|TAMS 0x0000000089400000, 0x0000000089400000| Complete 
|  93|0x0000000089500000, 0x0000000089600000, 0x0000000089600000|100%| S|CS|TAMS 0x0000000089500000, 0x0000000089500000| Complete 
|  94|0x0000000089600000, 0x0000000089600000, 0x0000000089700000|  0%| F|  |TAMS 0x0000000089600000, 0x0000000089600000| Untracked 
|  95|0x0000000089700000, 0x0000000089700000, 0x0000000089800000|  0%| F|  |TAMS 0x0000000089700000, 0x0000000089700000| Untracked 
|  96|0x0000000089800000, 0x0000000089800000, 0x0000000089900000|  0%| F|  |TAMS 0x0000000089800000, 0x0000000089800000| Untracked 
|  97|0x0000000089900000, 0x0000000089900000, 0x0000000089a00000|  0%| F|  |TAMS 0x0000000089900000, 0x0000000089900000| Untracked 
|  98|0x0000000089a00000, 0x0000000089a00000, 0x0000000089b00000|  0%| F|  |TAMS 0x0000000089a00000, 0x0000000089a00000| Untracked 
|  99|0x0000000089b00000, 0x0000000089b00000, 0x0000000089c00000|  0%| F|  |TAMS 0x0000000089b00000, 0x0000000089b00000| Untracked 
| 100|0x0000000089c00000, 0x0000000089c00000, 0x0000000089d00000|  0%| F|  |TAMS 0x0000000089c00000, 0x0000000089c00000| Untracked 
| 101|0x0000000089d00000, 0x0000000089d00000, 0x0000000089e00000|  0%| F|  |TAMS 0x0000000089d00000, 0x0000000089d00000| Untracked 
| 102|0x0000000089e00000, 0x0000000089e00000, 0x0000000089f00000|  0%| F|  |TAMS 0x0000000089e00000, 0x0000000089e00000| Untracked 
| 103|0x0000000089f00000, 0x0000000089f00000, 0x000000008a000000|  0%| F|  |TAMS 0x0000000089f00000, 0x0000000089f00000| Untracked 
| 104|0x000000008a000000, 0x000000008a000000, 0x000000008a100000|  0%| F|  |TAMS 0x000000008a000000, 0x000000008a000000| Untracked 
| 105|0x000000008a100000, 0x000000008a100000, 0x000000008a200000|  0%| F|  |TAMS 0x000000008a100000, 0x000000008a100000| Untracked 
| 106|0x000000008a200000, 0x000000008a200000, 0x000000008a300000|  0%| F|  |TAMS 0x000000008a200000, 0x000000008a200000| Untracked 
| 107|0x000000008a300000, 0x000000008a300000, 0x000000008a400000|  0%| F|  |TAMS 0x000000008a300000, 0x000000008a300000| Untracked 
| 108|0x000000008a400000, 0x000000008a400000, 0x000000008a500000|  0%| F|  |TAMS 0x000000008a400000, 0x000000008a400000| Untracked 
| 109|0x000000008a500000, 0x000000008a500000, 0x000000008a600000|  0%| F|  |TAMS 0x000000008a500000, 0x000000008a500000| Untracked 
| 110|0x000000008a600000, 0x000000008a600000, 0x000000008a700000|  0%| F|  |TAMS 0x000000008a600000, 0x000000008a600000| Untracked 
| 111|0x000000008a700000, 0x000000008a700000, 0x000000008a800000|  0%| F|  |TAMS 0x000000008a700000, 0x000000008a700000| Untracked 
| 112|0x000000008a800000, 0x000000008a800000, 0x000000008a900000|  0%| F|  |TAMS 0x000000008a800000, 0x000000008a800000| Untracked 
| 113|0x000000008a900000, 0x000000008a900000, 0x000000008aa00000|  0%| F|  |TAMS 0x000000008a900000, 0x000000008a900000| Untracked 
| 114|0x000000008aa00000, 0x000000008aa00000, 0x000000008ab00000|  0%| F|  |TAMS 0x000000008aa00000, 0x000000008aa00000| Untracked 
| 115|0x000000008ab00000, 0x000000008ab00000, 0x000000008ac00000|  0%| F|  |TAMS 0x000000008ab00000, 0x000000008ab00000| Untracked 
| 116|0x000000008ac00000, 0x000000008ac00000, 0x000000008ad00000|  0%| F|  |TAMS 0x000000008ac00000, 0x000000008ac00000| Untracked 
| 117|0x000000008ad00000, 0x000000008ad00000, 0x000000008ae00000|  0%| F|  |TAMS 0x000000008ad00000, 0x000000008ad00000| Untracked 
| 118|0x000000008ae00000, 0x000000008ae00000, 0x000000008af00000|  0%| F|  |TAMS 0x000000008ae00000, 0x000000008ae00000| Untracked 
| 119|0x000000008af00000, 0x000000008af00000, 0x000000008b000000|  0%| F|  |TAMS 0x000000008af00000, 0x000000008af00000| Untracked 
| 120|0x000000008b000000, 0x000000008b000000, 0x000000008b100000|  0%| F|  |TAMS 0x000000008b000000, 0x000000008b000000| Untracked 
| 121|0x000000008b100000, 0x000000008b100000, 0x000000008b200000|  0%| F|  |TAMS 0x000000008b100000, 0x000000008b100000| Untracked 
| 122|0x000000008b200000, 0x000000008b200000, 0x000000008b300000|  0%| F|  |TAMS 0x000000008b200000, 0x000000008b200000| Untracked 
| 123|0x000000008b300000, 0x000000008b300000, 0x000000008b400000|  0%| F|  |TAMS 0x000000008b300000, 0x000000008b300000| Untracked 
| 124|0x000000008b400000, 0x000000008b400000, 0x000000008b500000|  0%| F|  |TAMS 0x000000008b400000, 0x000000008b400000| Untracked 
| 125|0x000000008b500000, 0x000000008b500000, 0x000000008b600000|  0%| F|  |TAMS 0x000000008b500000, 0x000000008b500000| Untracked 
|1984|0x00000000ff800000, 0x00000000ff900000, 0x00000000ff900000|100%| O|  |TAMS 0x00000000ff800000, 0x00000000ff900000| Untracked 
|1985|0x00000000ff900000, 0x00000000ffa00000, 0x00000000ffa00000|100%| O|  |TAMS 0x00000000ff900000, 0x00000000ffa00000| Untracked 
|1986|0x00000000ffa00000, 0x00000000ffb00000, 0x00000000ffb00000|100%| O|  |TAMS 0x00000000ffa00000, 0x00000000ffb00000| Untracked 
|1987|0x00000000ffb00000, 0x00000000ffc00000, 0x00000000ffc00000|100%| O|  |TAMS 0x00000000ffb00000, 0x00000000ffc00000| Untracked 
|1988|0x00000000ffc00000, 0x00000000ffd00000, 0x00000000ffd00000|100%| O|  |TAMS 0x00000000ffc00000, 0x00000000ffd00000| Untracked 
|1989|0x00000000ffd00000, 0x00000000ffe00000, 0x00000000ffe00000|100%| O|  |TAMS 0x00000000ffd00000, 0x00000000ffe00000| Untracked 
|1990|0x00000000ffe00000, 0x00000000fff00000, 0x00000000fff00000|100%| O|  |TAMS 0x00000000ffe00000, 0x00000000fff00000| Untracked 
|1991|0x00000000fff00000, 0x0000000100000000, 0x0000000100000000|100%| O|  |TAMS 0x00000000fff00000, 0x0000000100000000| Untracked 

Card table byte_map: [0x0000028de5120000,0x0000028de5510000] _byte_map_base: 0x0000028de4d04000

Marking Bits (Prev, Next): (CMBitMap*) 0x0000028dce1e5f80, (CMBitMap*) 0x0000028dce1e5f40
 Prev Bits: [0x0000028de7820000, 0x0000028de9740000)
 Next Bits: [0x0000028de5900000, 0x0000028de7820000)

Polling page: 0x0000028dcd960000

Metaspace:

Usage:
  Non-class:     21.72 MB used.
      Class:      2.76 MB used.
       Both:     24.47 MB used.

Virtual space:
  Non-class space:       24.00 MB reserved,      21.88 MB ( 91%) committed,  3 nodes.
      Class space:        1.00 GB reserved,       2.88 MB ( <1%) committed,  1 nodes.
             Both:        1.02 GB reserved,      24.75 MB (  2%) committed. 

Chunk freelists:
   Non-Class:  1.56 MB
       Class:  1.13 MB
        Both:  2.69 MB

MaxMetaspaceSize: unlimited
CompressedClassSpaceSize: 1.00 GB
Initial GC threshold: 21.00 MB
Current GC threshold: 35.75 MB
CDS: on
MetaspaceReclaimPolicy: balanced
 - commit_granule_bytes: 65536.
 - commit_granule_words: 8192.
 - virtual_space_node_default_size: 1048576.
 - enlarge_chunks_in_place: 1.
 - new_chunks_are_fully_committed: 0.
 - uncommit_free_chunks: 1.
 - use_allocation_guard: 0.
 - handle_deallocations: 1.


Internal statistics:

num_allocs_failed_limit: 6.
num_arena_births: 168.
num_arena_deaths: 0.
num_vsnodes_births: 4.
num_vsnodes_deaths: 0.
num_space_committed: 396.
num_space_uncommitted: 0.
num_chunks_returned_to_freelist: 6.
num_chunks_taken_from_freelist: 1042.
num_chunk_merges: 6.
num_chunk_splits: 729.
num_chunks_enlarged: 561.
num_purges: 0.
num_inconsistent_stats: 0.

CodeHeap 'non-profiled nmethods': size=120000Kb used=2837Kb max_used=3151Kb free=117162Kb
 bounds [0x0000028ddd4d0000, 0x0000028ddd800000, 0x0000028de4a00000]
CodeHeap 'profiled nmethods': size=120000Kb used=9652Kb max_used=10391Kb free=110348Kb
 bounds [0x0000028dd5fa0000, 0x0000028dd69d0000, 0x0000028ddd4d0000]
CodeHeap 'non-nmethods': size=5760Kb used=1204Kb max_used=1322Kb free=4555Kb
 bounds [0x0000028dd5a00000, 0x0000028dd5c70000, 0x0000028dd5fa0000]
 total_blobs=5353 nmethods=4848 adapters=417
 compilation: enabled
              stopped_count=0, restarted_count=0
 full_count=0

Compilation events (20 events):
Event: 7.147 Thread 0x0000028dee093720 nmethod 5636% 0x0000028ddd57e710 code [0x0000028ddd57e920, 0x0000028ddd5804a8]
Event: 7.149 Thread 0x0000028dec156400 nmethod 5648 0x0000028dd64a3e90 code [0x0000028dd64a43a0, 0x0000028dd64a6d68]
Event: 7.149 Thread 0x0000028dec156400 5649       3       java.util.jar.JarInputStream::<init> (7 bytes)
Event: 7.149 Thread 0x0000028dec156400 nmethod 5649 0x0000028dd6561b10 code [0x0000028dd6561ca0, 0x0000028dd6561de8]
Event: 7.149 Thread 0x0000028dec156400 5650  s    3       java.io.PushbackInputStream::close (26 bytes)
Event: 7.149 Thread 0x0000028dec156400 nmethod 5650 0x0000028dd64a3810 code [0x0000028dd64a39c0, 0x0000028dd64a3d88]
Event: 7.155 Thread 0x0000028dec156400 5651       3       java.io.InputStream::readAllBytes (7 bytes)
Event: 7.155 Thread 0x0000028dec156400 nmethod 5651 0x0000028dd64a3410 code [0x0000028dd64a35c0, 0x0000028dd64a3788]
Event: 7.158 Thread 0x0000028dec156400 5652       3       java.util.jar.Manifest::<init> (32 bytes)
Event: 7.159 Thread 0x0000028dec156400 nmethod 5652 0x0000028dd6218390 code [0x0000028dd62185c0, 0x0000028dd6218d08]
Event: 7.159 Thread 0x0000028dec156400 5653       3       java.util.jar.Manifest::read (7 bytes)
Event: 7.159 Thread 0x0000028dec156400 nmethod 5653 0x0000028dd64a2e90 code [0x0000028dd64a3040, 0x0000028dd64a3188]
Event: 7.159 Thread 0x0000028dec156400 5654       3       sun.security.util.ManifestEntryVerifier::<init> (65 bytes)
Event: 7.159 Thread 0x0000028dec156400 nmethod 5654 0x0000028dd6217510 code [0x0000028dd6217760, 0x0000028dd62180c8]
Event: 7.227 Thread 0x0000028dec151110 5655   !   4       jdk.internal.ref.PhantomCleanable::remove (60 bytes)
Event: 7.230 Thread 0x0000028dec151110 nmethod 5655 0x0000028ddd6f1010 code [0x0000028ddd6f11a0, 0x0000028ddd6f16f8]
Event: 7.241 Thread 0x0000028dec156400 5656       3       com.sun.tools.javac.main.Option::hasArg (16 bytes)
Event: 7.241 Thread 0x0000028dec156400 nmethod 5656 0x0000028dd6217190 code [0x0000028dd6217320, 0x0000028dd6217498]
Event: 7.241 Thread 0x0000028dec156400 5657       3       java.util.EnumMap::unmaskNull (13 bytes)
Event: 7.241 Thread 0x0000028dec156400 nmethod 5657 0x0000028dd6360e90 code [0x0000028dd6361020, 0x0000028dd6361198]

GC Heap History (15 events):
Event: 0.875 GC heap before
{Heap before GC invocations=0 (full 0):
 garbage-first heap   total 129024K, used 22528K [0x0000000083800000, 0x0000000100000000)
  region size 1024K, 23 young (23552K), 0 survivors (0K)
 Metaspace       used 5696K, committed 5824K, reserved 1056768K
  class space    used 654K, committed 704K, reserved 1048576K
}
Event: 0.882 GC heap after
{Heap after GC invocations=1 (full 0):
 garbage-first heap   total 129024K, used 3883K [0x0000000083800000, 0x0000000100000000)
  region size 1024K, 3 young (3072K), 3 survivors (3072K)
 Metaspace       used 5696K, committed 5824K, reserved 1056768K
  class space    used 654K, committed 704K, reserved 1048576K
}
Event: 1.495 GC heap before
{Heap before GC invocations=1 (full 0):
 garbage-first heap   total 129024K, used 34603K [0x0000000083800000, 0x0000000100000000)
  region size 1024K, 33 young (33792K), 3 survivors (3072K)
 Metaspace       used 10302K, committed 10496K, reserved 1064960K
  class space    used 1240K, committed 1344K, reserved 1048576K
}
Event: 1.502 GC heap after
{Heap after GC invocations=2 (full 0):
 garbage-first heap   total 129024K, used 5870K [0x0000000083800000, 0x0000000100000000)
  region size 1024K, 2 young (2048K), 2 survivors (2048K)
 Metaspace       used 10302K, committed 10496K, reserved 1064960K
  class space    used 1240K, committed 1344K, reserved 1048576K
}
Event: 2.959 GC heap before
{Heap before GC invocations=2 (full 0):
 garbage-first heap   total 129024K, used 80622K [0x0000000083800000, 0x0000000100000000)
  region size 1024K, 75 young (76800K), 2 survivors (2048K)
 Metaspace       used 13497K, committed 13696K, reserved 1064960K
  class space    used 1523K, committed 1600K, reserved 1048576K
}
Event: 2.974 GC heap after
{Heap after GC invocations=3 (full 0):
 garbage-first heap   total 129024K, used 13927K [0x0000000083800000, 0x0000000100000000)
  region size 1024K, 10 young (10240K), 10 survivors (10240K)
 Metaspace       used 13497K, committed 13696K, reserved 1064960K
  class space    used 1523K, committed 1600K, reserved 1048576K
}
Event: 3.877 GC heap before
{Heap before GC invocations=3 (full 0):
 garbage-first heap   total 129024K, used 80487K [0x0000000083800000, 0x0000000100000000)
  region size 1024K, 75 young (76800K), 10 survivors (10240K)
 Metaspace       used 13954K, committed 14144K, reserved 1064960K
  class space    used 1527K, committed 1600K, reserved 1048576K
}
Event: 3.893 GC heap after
{Heap after GC invocations=4 (full 0):
 garbage-first heap   total 129024K, used 22230K [0x0000000083800000, 0x0000000100000000)
  region size 1024K, 9 young (9216K), 9 survivors (9216K)
 Metaspace       used 13954K, committed 14144K, reserved 1064960K
  class space    used 1527K, committed 1600K, reserved 1048576K
}
Event: 5.453 GC heap before
{Heap before GC invocations=4 (full 0):
 garbage-first heap   total 129024K, used 88790K [0x0000000083800000, 0x0000000100000000)
  region size 1024K, 70 young (71680K), 9 survivors (9216K)
 Metaspace       used 21330K, committed 21504K, reserved 1073152K
  class space    used 2412K, committed 2496K, reserved 1048576K
}
Event: 5.466 GC heap after
{Heap after GC invocations=5 (full 0):
 garbage-first heap   total 129024K, used 32743K [0x0000000083800000, 0x0000000100000000)
  region size 1024K, 7 young (7168K), 7 survivors (7168K)
 Metaspace       used 21330K, committed 21504K, reserved 1073152K
  class space    used 2412K, committed 2496K, reserved 1048576K
}
Event: 6.594 GC heap before
{Heap before GC invocations=6 (full 0):
 garbage-first heap   total 116736K, used 96231K [0x0000000083800000, 0x0000000100000000)
  region size 1024K, 65 young (66560K), 7 survivors (7168K)
 Metaspace       used 24405K, committed 24640K, reserved 1073152K
  class space    used 2744K, committed 2880K, reserved 1048576K
}
Event: 6.623 GC heap after
{Heap after GC invocations=7 (full 0):
 garbage-first heap   total 124928K, used 54759K [0x0000000083800000, 0x0000000100000000)
  region size 1024K, 9 young (9216K), 9 survivors (9216K)
 Metaspace       used 24405K, committed 24640K, reserved 1073152K
  class space    used 2744K, committed 2880K, reserved 1048576K
}
Event: 6.630 GC heap before
{Heap before GC invocations=7 (full 0):
 garbage-first heap   total 124928K, used 55783K [0x0000000083800000, 0x0000000100000000)
  region size 1024K, 10 young (10240K), 9 survivors (9216K)
 Metaspace       used 24412K, committed 24640K, reserved 1073152K
  class space    used 2746K, committed 2880K, reserved 1048576K
}
Event: 6.640 GC heap after
{Heap after GC invocations=8 (full 0):
 garbage-first heap   total 124928K, used 55808K [0x0000000083800000, 0x0000000100000000)
  region size 1024K, 1 young (1024K), 1 survivors (1024K)
 Metaspace       used 24412K, committed 24640K, reserved 1073152K
  class space    used 2746K, committed 2880K, reserved 1048576K
}
Event: 7.245 GC heap before
{Heap before GC invocations=8 (full 0):
 garbage-first heap   total 124928K, used 75264K [0x0000000083800000, 0x0000000100000000)
  region size 1024K, 20 young (20480K), 1 survivors (1024K)
 Metaspace       used 25060K, committed 25344K, reserved 1073152K
  class space    used 2824K, committed 2944K, reserved 1048576K
}

Deoptimization events (20 events):
Event: 7.041 Thread 0x0000028dce18d420 DEOPT PACKING pc=0x0000028ddd67c704 sp=0x000000e7779fcad0
Event: 7.041 Thread 0x0000028dce18d420 DEOPT UNPACKING pc=0x0000028dd5a523a3 sp=0x000000e7779fc998 mode 2
Event: 7.041 Thread 0x0000028dce18d420 Uncommon trap: trap_request=0xffffff45 fr.pc=0x0000028ddd792030 relative=0x0000000000000470
Event: 7.041 Thread 0x0000028dce18d420 Uncommon trap: reason=unstable_if action=reinterpret pc=0x0000028ddd792030 method=java.util.jar.Manifest$FastInputStream.readLine([BII)I @ 106 c2
Event: 7.041 Thread 0x0000028dce18d420 DEOPT PACKING pc=0x0000028ddd792030 sp=0x000000e7779fca50
Event: 7.041 Thread 0x0000028dce18d420 DEOPT UNPACKING pc=0x0000028dd5a523a3 sp=0x000000e7779fc988 mode 2
Event: 7.054 Thread 0x0000028dce18d420 DEOPT PACKING pc=0x0000028dd5ff1d68 sp=0x000000e7779fc990
Event: 7.054 Thread 0x0000028dce18d420 DEOPT UNPACKING pc=0x0000028dd5a52b43 sp=0x000000e7779fbe20 mode 0
Event: 7.054 Thread 0x0000028dce18d420 DEOPT PACKING pc=0x0000028dd5ff1d68 sp=0x000000e7779fc990
Event: 7.054 Thread 0x0000028dce18d420 DEOPT UNPACKING pc=0x0000028dd5a52b43 sp=0x000000e7779fbe20 mode 0
Event: 7.054 Thread 0x0000028dce18d420 DEOPT PACKING pc=0x0000028dd5ff1d68 sp=0x000000e7779fc990
Event: 7.054 Thread 0x0000028dce18d420 DEOPT UNPACKING pc=0x0000028dd5a52b43 sp=0x000000e7779fbe20 mode 0
Event: 7.062 Thread 0x0000028dce18d420 DEOPT PACKING pc=0x0000028dd5ff1d68 sp=0x000000e7779fc990
Event: 7.062 Thread 0x0000028dce18d420 DEOPT UNPACKING pc=0x0000028dd5a52b43 sp=0x000000e7779fbe20 mode 0
Event: 7.065 Thread 0x0000028dce18d420 DEOPT PACKING pc=0x0000028dd5ff1d68 sp=0x000000e7779fc990
Event: 7.065 Thread 0x0000028dce18d420 DEOPT UNPACKING pc=0x0000028dd5a52b43 sp=0x000000e7779fbe20 mode 0
Event: 7.073 Thread 0x0000028dce18d420 DEOPT PACKING pc=0x0000028dd5ff1d68 sp=0x000000e7779fc990
Event: 7.073 Thread 0x0000028dce18d420 DEOPT UNPACKING pc=0x0000028dd5a52b43 sp=0x000000e7779fbe20 mode 0
Event: 7.098 Thread 0x0000028dce18d420 DEOPT PACKING pc=0x0000028dd5ff1d68 sp=0x000000e7779fc990
Event: 7.098 Thread 0x0000028dce18d420 DEOPT UNPACKING pc=0x0000028dd5a52b43 sp=0x000000e7779fbe20 mode 0

Classes unloaded (0 events):
No events

Classes redefined (0 events):
No events

Internal exceptions (20 events):
Event: 6.675 Thread 0x0000028dce18d420 Exception <a 'sun/nio/fs/WindowsException'{0x000000008b59a028}> (0x000000008b59a028) 
thrown [s\open\src\hotspot\share\prims\jni.cpp, line 516]
Event: 6.675 Thread 0x0000028dce18d420 Exception <a 'sun/nio/fs/WindowsException'{0x000000008b59a6f8}> (0x000000008b59a6f8) 
thrown [s\open\src\hotspot\share\prims\jni.cpp, line 516]
Event: 6.675 Thread 0x0000028dce18d420 Exception <a 'sun/nio/fs/WindowsException'{0x000000008b59ae08}> (0x000000008b59ae08) 
thrown [s\open\src\hotspot\share\prims\jni.cpp, line 516]
Event: 6.675 Thread 0x0000028dce18d420 Exception <a 'sun/nio/fs/WindowsException'{0x000000008b59b0c8}> (0x000000008b59b0c8) 
thrown [s\open\src\hotspot\share\prims\jni.cpp, line 516]
Event: 6.675 Thread 0x0000028dce18d420 Exception <a 'sun/nio/fs/WindowsException'{0x000000008b59bd28}> (0x000000008b59bd28) 
thrown [s\open\src\hotspot\share\prims\jni.cpp, line 516]
Event: 6.675 Thread 0x0000028dce18d420 Exception <a 'sun/nio/fs/WindowsException'{0x000000008b59bf98}> (0x000000008b59bf98) 
thrown [s\open\src\hotspot\share\prims\jni.cpp, line 516]
Event: 6.675 Thread 0x0000028dce18d420 Exception <a 'sun/nio/fs/WindowsException'{0x000000008b59cbe8}> (0x000000008b59cbe8) 
thrown [s\open\src\hotspot\share\prims\jni.cpp, line 516]
Event: 6.679 Thread 0x0000028dce18d420 Exception <a 'sun/nio/fs/WindowsException'{0x000000008b5a18a0}> (0x000000008b5a18a0) 
thrown [s\open\src\hotspot\share\prims\jni.cpp, line 516]
Event: 6.679 Thread 0x0000028dce18d420 Exception <a 'sun/nio/fs/WindowsException'{0x000000008b5a1b58}> (0x000000008b5a1b58) 
thrown [s\open\src\hotspot\share\prims\jni.cpp, line 516]
Event: 6.680 Thread 0x0000028dce18d420 Exception <a 'sun/nio/fs/WindowsException'{0x000000008b5ab388}> (0x000000008b5ab388) 
thrown [s\open\src\hotspot\share\prims\jni.cpp, line 516]
Event: 6.680 Thread 0x0000028dce18d420 Exception <a 'sun/nio/fs/WindowsException'{0x000000008b5ab5f0}> (0x000000008b5ab5f0) 
thrown [s\open\src\hotspot\share\prims\jni.cpp, line 516]
Event: 6.680 Thread 0x0000028dce18d420 Exception <a 'sun/nio/fs/WindowsException'{0x000000008b5c6e88}> (0x000000008b5c6e88) 
thrown [s\open\src\hotspot\share\prims\jni.cpp, line 516]
Event: 6.680 Thread 0x0000028dce18d420 Exception <a 'sun/nio/fs/WindowsException'{0x000000008b5c7138}> (0x000000008b5c7138) 
thrown [s\open\src\hotspot\share\prims\jni.cpp, line 516]
Event: 6.688 Thread 0x0000028dce18d420 Exception <a 'sun/nio/fs/WindowsException'{0x000000008b5ec1a8}> (0x000000008b5ec1a8) 
thrown [s\open\src\hotspot\share\prims\jni.cpp, line 516]
Event: 6.691 Thread 0x0000028dce18d420 Exception <a 'java/lang/NoSuchMethodError'{0x000000008b5f2f80}: 'int java.lang.invoke.DirectMethodHandle$Holder.invokeStatic(java.lang.Object, java.lang.Object, java.lang.Object, java.lang.Object)'> (0x000000008b5f2f80) 
thrown [s\open\src\hotspot\share\interpreter\linkResolver.cpp, line 759]
Event: 6.724 Thread 0x0000028dce18d420 Exception <a 'sun/nio/fs/WindowsException'{0x000000008a6beaf8}> (0x000000008a6beaf8) 
thrown [s\open\src\hotspot\share\prims\jni.cpp, line 516]
Event: 6.725 Thread 0x0000028dce18d420 Exception <a 'sun/nio/fs/WindowsException'{0x000000008a6bf238}> (0x000000008a6bf238) 
thrown [s\open\src\hotspot\share\prims\jni.cpp, line 516]
Event: 6.866 Thread 0x0000028dce18d420 Exception <a 'sun/nio/fs/WindowsException'{0x000000008a4e1e00}> (0x000000008a4e1e00) 
thrown [s\open\src\hotspot\share\prims\jni.cpp, line 516]
Event: 6.866 Thread 0x0000028dce18d420 Exception <a 'sun/nio/fs/WindowsException'{0x000000008a4e2458}> (0x000000008a4e2458) 
thrown [s\open\src\hotspot\share\prims\jni.cpp, line 516]
Event: 6.871 Thread 0x0000028dce18d420 Exception <a 'sun/nio/fs/WindowsException'{0x000000008a4f1980}> (0x000000008a4f1980) 
thrown [s\open\src\hotspot\share\prims\jni.cpp, line 516]

VM Operations (20 events):
Event: 5.481 Executing VM operation: CollectForMetadataAllocation done
Event: 5.487 Executing VM operation: G1Concurrent
Event: 5.491 Executing VM operation: G1Concurrent done
Event: 5.504 Executing VM operation: G1Concurrent
Event: 5.504 Executing VM operation: G1Concurrent done
Event: 6.186 Executing VM operation: HandshakeAllThreads
Event: 6.186 Executing VM operation: HandshakeAllThreads done
Event: 6.203 Executing VM operation: HandshakeAllThreads
Event: 6.203 Executing VM operation: HandshakeAllThreads done
Event: 6.278 Executing VM operation: HandshakeAllThreads
Event: 6.278 Executing VM operation: HandshakeAllThreads done
Event: 6.514 Executing VM operation: HandshakeAllThreads
Event: 6.514 Executing VM operation: HandshakeAllThreads done
Event: 6.514 Executing VM operation: Cleanup
Event: 6.514 Executing VM operation: Cleanup done
Event: 6.594 Executing VM operation: G1CollectForAllocation
Event: 6.624 Executing VM operation: G1CollectForAllocation done
Event: 6.630 Executing VM operation: G1CollectForAllocation
Event: 6.640 Executing VM operation: G1CollectForAllocation done
Event: 7.244 Executing VM operation: G1TryInitiateConcMark

Events (20 events):
Event: 6.585 loading class java/util/stream/ReduceOps$1
Event: 6.585 loading class java/util/stream/ReduceOps$1 done
Event: 6.585 loading class java/util/stream/ReduceOps$1ReducingSink
Event: 6.586 loading class java/util/stream/ReduceOps$1ReducingSink done
Event: 6.675 loading class java/nio/file/Path$1
Event: 6.675 loading class java/nio/file/Path$1 done
Event: 6.714 loading class java/util/function/ToIntBiFunction
Event: 6.714 loading class java/util/function/ToIntBiFunction done
Event: 6.727 loading class java/util/EnumMap$Values
Event: 6.727 loading class java/util/EnumMap$Values done
Event: 6.728 loading class java/util/EnumMap$ValueIterator
Event: 6.728 loading class java/util/EnumMap$EnumMapIterator
Event: 6.728 loading class java/util/EnumMap$EnumMapIterator done
Event: 6.728 loading class java/util/EnumMap$ValueIterator done
Event: 6.731 loading class java/util/WeakHashMap$KeyIterator
Event: 6.732 loading class java/util/WeakHashMap$HashIterator
Event: 6.732 loading class java/util/WeakHashMap$HashIterator done
Event: 6.732 loading class java/util/WeakHashMap$KeyIterator done
Event: 6.867 loading class java/lang/invoke/DirectMethodHandle$Special
Event: 6.867 loading class java/lang/invoke/DirectMethodHandle$Special done


Dynamic libraries:
0x00007ff6ca0c0000 - 0x00007ff6ca0d0000 	C:\Program Files\Java\jdk-17.0.5\bin\java.exe
0x00007ffc55cf0000 - 0x00007ffc55ee8000 	C:\WINDOWS\SYSTEM32\ntdll.dll
0x00007ffc54fc0000 - 0x00007ffc55082000 	C:\WINDOWS\System32\KERNEL32.DLL
0x00007ffc53820000 - 0x00007ffc53b16000 	C:\WINDOWS\System32\KERNELBASE.dll
0x00007ffc53380000 - 0x00007ffc53480000 	C:\WINDOWS\System32\ucrtbase.dll
0x00007ffc38bf0000 - 0x00007ffc38c0a000 	C:\Program Files\Java\jdk-17.0.5\bin\VCRUNTIME140.dll
0x00007ffc38bd0000 - 0x00007ffc38be8000 	C:\Program Files\Java\jdk-17.0.5\bin\jli.dll
0x00007ffc550c0000 - 0x00007ffc55171000 	C:\WINDOWS\System32\ADVAPI32.dll
0x00007ffc54020000 - 0x00007ffc540be000 	C:\WINDOWS\System32\msvcrt.dll
0x00007ffc54140000 - 0x00007ffc541df000 	C:\WINDOWS\System32\sechost.dll
0x00007ffc54ea0000 - 0x00007ffc54fc0000 	C:\WINDOWS\System32\RPCRT4.dll
0x00007ffc53ce0000 - 0x00007ffc53d07000 	C:\WINDOWS\System32\bcrypt.dll
0x00007ffc55180000 - 0x00007ffc55321000 	C:\WINDOWS\System32\USER32.dll
0x00007ffc534d0000 - 0x00007ffc534f2000 	C:\WINDOWS\System32\win32u.dll
0x00007ffc55090000 - 0x00007ffc550bb000 	C:\WINDOWS\System32\GDI32.dll
0x00007ffc52830000 - 0x00007ffc52acb000 	C:\WINDOWS\WinSxS\amd64_microsoft.windows.common-controls_6595b64144ccf1df_6.0.19041.6456_none_60b8a6cb71f64256\COMCTL32.dll
0x00007ffc53bc0000 - 0x00007ffc53cd9000 	C:\WINDOWS\System32\gdi32full.dll
0x00007ffc53b20000 - 0x00007ffc53bbd000 	C:\WINDOWS\System32\msvcp_win.dll
0x00007ffc50d20000 - 0x00007ffc50d2a000 	C:\WINDOWS\SYSTEM32\VERSION.dll
0x00007ffc54e70000 - 0x00007ffc54e9f000 	C:\WINDOWS\System32\IMM32.DLL
0x00007ffc49e40000 - 0x00007ffc49e4c000 	C:\Program Files\Java\jdk-17.0.5\bin\vcruntime140_1.dll
0x00007ffbe4790000 - 0x00007ffbe481d000 	C:\Program Files\Java\jdk-17.0.5\bin\msvcp140.dll
0x00007ffbbcb00000 - 0x00007ffbbd6c2000 	C:\Program Files\Java\jdk-17.0.5\bin\server\jvm.dll
0x00007ffc54300000 - 0x00007ffc54308000 	C:\WINDOWS\System32\PSAPI.DLL
0x00007ffc37b70000 - 0x00007ffc37b97000 	C:\WINDOWS\SYSTEM32\WINMM.dll
0x00007ffc49810000 - 0x00007ffc49819000 	C:\WINDOWS\SYSTEM32\WSOCK32.dll
0x00007ffc55c40000 - 0x00007ffc55cab000 	C:\WINDOWS\System32\WS2_32.dll
0x00007ffc50cf0000 - 0x00007ffc50d02000 	C:\WINDOWS\SYSTEM32\kernel.appcore.dll
0x00007ffc25630000 - 0x00007ffc2563a000 	C:\Program Files\Java\jdk-17.0.5\bin\jimage.dll
0x00007ffc52d60000 - 0x00007ffc52f61000 	C:\WINDOWS\SYSTEM32\DBGHELP.DLL
0x00007ffc52ca0000 - 0x00007ffc52cd4000 	C:\WINDOWS\SYSTEM32\dbgcore.DLL
0x00007ffc53500000 - 0x00007ffc53582000 	C:\WINDOWS\System32\bcryptPrimitives.dll
0x00007ffc4e770000 - 0x00007ffc4e77e000 	C:\Program Files\Java\jdk-17.0.5\bin\instrument.dll
0x00007ffc185b0000 - 0x00007ffc185d5000 	C:\Program Files\Java\jdk-17.0.5\bin\java.dll
0x00007ffbddef0000 - 0x00007ffbddfc6000 	C:\Program Files\Java\jdk-17.0.5\bin\jsvml.dll
0x00007ffc54700000 - 0x00007ffc54e70000 	C:\WINDOWS\System32\SHELL32.dll
0x00007ffc50260000 - 0x00007ffc50a05000 	C:\WINDOWS\SYSTEM32\windows.storage.dll
0x00007ffc55390000 - 0x00007ffc556e4000 	C:\WINDOWS\System32\combase.dll
0x00007ffc525a0000 - 0x00007ffc525cb000 	C:\WINDOWS\SYSTEM32\Wldp.dll
0x00007ffc53f50000 - 0x00007ffc5401d000 	C:\WINDOWS\System32\OLEAUT32.dll
0x00007ffc54250000 - 0x00007ffc542fd000 	C:\WINDOWS\System32\SHCORE.dll
0x00007ffc541e0000 - 0x00007ffc5423b000 	C:\WINDOWS\System32\shlwapi.dll
0x00007ffc532b0000 - 0x00007ffc532d4000 	C:\WINDOWS\SYSTEM32\profapi.dll
0x00007ffc18450000 - 0x00007ffc18468000 	C:\Program Files\Java\jdk-17.0.5\bin\zip.dll
0x00007ffc18590000 - 0x00007ffc185a9000 	C:\Program Files\java\jdk-17.0.5\bin\net.dll
0x00007ffc4f110000 - 0x00007ffc4f21a000 	C:\WINDOWS\SYSTEM32\WINHTTP.dll
0x00007ffc52380000 - 0x00007ffc523ea000 	C:\WINDOWS\system32\mswsock.dll
0x00007ffc18570000 - 0x00007ffc18586000 	C:\Program Files\java\jdk-17.0.5\bin\nio.dll
0x00007ffc4bf90000 - 0x00007ffc4bfaa000 	C:\Program Files\JetBrains\IntelliJ IDEA Community Edition 2022.2.3\bin\breakgen64.dll
0x00007ffc24e60000 - 0x00007ffc24e70000 	C:\Program Files\Java\jdk-17.0.5\bin\verify.dll
0x00007ffc530f0000 - 0x00007ffc53108000 	C:\WINDOWS\SYSTEM32\CRYPTSP.dll
0x00007ffc51d20000 - 0x00007ffc51d58000 	C:\WINDOWS\system32\rsaenh.dll
0x00007ffc53230000 - 0x00007ffc5325e000 	C:\WINDOWS\SYSTEM32\USERENV.dll
0x00007ffc52510000 - 0x00007ffc5251c000 	C:\WINDOWS\SYSTEM32\CRYPTBASE.dll
0x00007ffc52080000 - 0x00007ffc520bb000 	C:\WINDOWS\SYSTEM32\IPHLPAPI.DLL
0x00007ffc54240000 - 0x00007ffc54248000 	C:\WINDOWS\System32\NSI.dll
0x00007ffc4db70000 - 0x00007ffc4db87000 	C:\WINDOWS\SYSTEM32\dhcpcsvc6.DLL
0x00007ffc4db50000 - 0x00007ffc4db6d000 	C:\WINDOWS\SYSTEM32\dhcpcsvc.DLL
0x00007ffc520c0000 - 0x00007ffc5218a000 	C:\WINDOWS\SYSTEM32\DNSAPI.dll
0x00007ffc4bf60000 - 0x00007ffc4bf6a000 	C:\Users\Rayhan\AppData\Local\Temp\jansi-1.17.1-9916406792795125644.dll
0x00007ffc38b50000 - 0x00007ffc38b5a000 	C:\Users\Rayhan\AppData\Local\Temp\jansi-1.17.1-4479614234750690987.dll

dbghelp: loaded successfully - version: 4.0.5 - missing functions: none
symbol engine: initialized successfully - sym options: 0x614 - pdb path: .;C:\Program Files\Java\jdk-17.0.5\bin;C:\WINDOWS\SYSTEM32;C:\WINDOWS\WinSxS\amd64_microsoft.windows.common-controls_6595b64144ccf1df_6.0.19041.6456_none_60b8a6cb71f64256;C:\Program Files\Java\jdk-17.0.5\bin\server;C:\Program Files\JetBrains\IntelliJ IDEA Community Edition 2022.2.3\bin;C:\Users\Rayhan\AppData\Local\Temp

VM Arguments:
jvm_args: -Dmaven.multiModuleProjectDirectory=D:\ecommerce-project\notification -Dmaven.home=C:\Program Files\JetBrains\IntelliJ IDEA Community Edition 2022.2.3\plugins\maven\lib\maven3 -Dclassworlds.conf=C:\Program Files\JetBrains\IntelliJ IDEA Community Edition 2022.2.3\plugins\maven\lib\maven3\bin\m2.conf -Dmaven.ext.class.path=C:\Program Files\JetBrains\IntelliJ IDEA Community Edition 2022.2.3\plugins\maven\lib\maven-event-listener.jar -javaagent:C:\Program Files\JetBrains\IntelliJ IDEA Community Edition 2022.2.3\lib\idea_rt.jar=51536:C:\Program Files\JetBrains\IntelliJ IDEA Community Edition 2022.2.3\bin -Dfile.encoding=UTF-8 
java_command: org.codehaus.classworlds.Launcher -Didea.version=2022.2.3 install
java_class_path (initial): C:\Program Files\JetBrains\IntelliJ IDEA Community Edition 2022.2.3\plugins\maven\lib\maven3\boot\plexus-classworlds-2.6.0.jar;C:\Program Files\JetBrains\IntelliJ IDEA Community Edition 2022.2.3\plugins\maven\lib\maven3\boot\plexus-classworlds.license
Launcher Type: SUN_STANDARD

[Global flags]
     intx CICompilerCount                          = 4                                         {product} {ergonomic}
     uint ConcGCThreads                            = 2                                         {product} {ergonomic}
     uint G1ConcRefinementThreads                  = 8                                         {product} {ergonomic}
   size_t G1HeapRegionSize                         = 1048576                                   {product} {ergonomic}
    uintx GCDrainStackTargetSize                   = 64                                        {product} {ergonomic}
   size_t InitialHeapSize                          = 132120576                                 {product} {ergonomic}
   size_t MarkStackSize                            = 4194304                                   {product} {ergonomic}
   size_t MaxHeapSize                              = 2088763392                                {product} {ergonomic}
   size_t MaxNewSize                               = 1253048320                                {product} {ergonomic}
   size_t MinHeapDeltaBytes                        = 1048576                                   {product} {ergonomic}
   size_t MinHeapSize                              = 8388608                                   {product} {ergonomic}
    uintx NonNMethodCodeHeapSize                   = 5839372                                {pd product} {ergonomic}
    uintx NonProfiledCodeHeapSize                  = 122909434                              {pd product} {ergonomic}
    uintx ProfiledCodeHeapSize                     = 122909434                              {pd product} {ergonomic}
    uintx ReservedCodeCacheSize                    = 251658240                              {pd product} {ergonomic}
     bool SegmentedCodeCache                       = true                                      {product} {ergonomic}
   size_t SoftMaxHeapSize                          = 2088763392                             {manageable} {ergonomic}
     bool UseCompressedClassPointers               = true                           {product lp64_product} {ergonomic}
     bool UseCompressedOops                        = true                           {product lp64_product} {ergonomic}
     bool UseG1GC                                  = true                                      {product} {ergonomic}
     bool UseLargePagesIndividualAllocation        = false                                  {pd product} {ergonomic}

Logging:
Log output configuration:
 #0: stdout all=warning uptime,level,tags
 #1: stderr all=off uptime,level,tags

Environment Variables:
JAVA_HOME=C:\Program Files\java\jdk-17.0.5
PATH=C:\WINDOWS\system32;C:\WINDOWS;C:\WINDOWS\System32\Wbem;C:\WINDOWS\System32\WindowsPowerShell\v1.0\;C:\WINDOWS\System32\OpenSSH\;C:\Program Files\java\jdk-17.0.5\bin;C:\Program Files\Git\cmd;C:\wamp64\bin\php\php7.4.33;C:\composer;C:\ProgramData\chocolatey\bin;C:\Users\Rayhan\AppData\Local\nvm;C:\nvm4w\nodejs;C:\Program Files\apache-maven\bin;C:\Program Files\Cloudflare\Cloudflare WARP\;C:\Users\Rayhan\AppData\Local\Programs\Python\Python314;C:\Users\Rayhan\AppData\Local\Programs\Python\Python310\Scripts;C:\Program Files\wkhtmltopdf\bin;C:\Program Files (x86)\cloudflared\;C:\Program Files\PuTTY\;C:\Program Files\Docker\Docker\resources\bin;D:\Apps\minikube;C:\Users\Rayhan\AppData\Local\Programs\Python\Python311\Scripts\;C:\Users\Rayhan\AppData\Local\Programs\Python\Python311\;C:\Users\Rayhan\AppData\Local\Microsoft\WindowsApps;C:\Program Files\JetBrains\IntelliJ IDEA Community Edition 2022.2.3\bin;;C:\Users\Rayhan\AppData\Roaming\Composer\vendor\bin;C:\Users\Rayhan\AppData\Local\Programs\Windsurf\bin;C:\Users\Rayhan\AppData\Local\nvm;C:\nvm4w\nodejs;C:\Users\Rayhan\AppData\Local\Programs\Microsoft VS Code\bin;C:\Program Files\JetBrains\PyCharm 2023.1.3\bin;;C:\Users\Rayhan\AppData\Local\Microsoft\WinGet\Packages\Kubernetes.kind_Microsoft.Winget.Source_8wekyb3d8bbwe
USERNAME=Rayhan
OS=Windows_NT
PROCESSOR_IDENTIFIER=Intel64 Family 6 Model 142 Stepping 12, GenuineIntel



---------------  S Y S T E M  ---------------

OS:
 Windows 10 , 64 bit Build 19041 (10.0.19041.5915)
OS uptime: 1 days 6:40 hours
Hyper-V role detected

CPU: total 8 (initial active 8) (4 cores per cpu, 2 threads per core) family 6 model 142 stepping 12 microcode 0x100, cx8, cmov, fxsr, ht, mmx, 3dnowpref, sse, sse2, sse3, ssse3, sse4.1, sse4.2, popcnt, lzcnt, tsc, tscinvbit, avx, avx2, aes, erms, clmul, bmi1, bmi2, adx, fma, vzeroupper, clflush, clflushopt, hv

Memory: 4k page, system-wide physical 7965M (486M free)
TotalPageFile size 20465M (AvailPageFile size 116M)
current process WorkingSet (physical memory assigned to process): 250M, peak: 260M
current process commit charge ("private bytes"): 298M, peak: 443M

vm_info: Java HotSpot(TM) 64-Bit Server VM (17.0.5+9-LTS-191) for windows-amd64 JRE (17.0.5+9-LTS-191), built on Sep 13 2022 17:31:43 by "mach5one" with MS VC++ 16.8 / 16.9 (VS2019)

END.
